[ 2015-05-16T11:55:12+08:00 ] 127.0.0.1 /lf/
INFO: [ app_init ] --START--
INFO: Run Behavior\BuildLiteBehavior [ RunTime:0.000026s ]
INFO: [ app_init ] --END-- [ RunTime:0.016315s ]
INFO: [ app_begin ] --START--
INFO: Run Behavior\ReadHtmlCacheBehavior [ RunTime:0.012023s ]
INFO: [ app_begin ] --END-- [ RunTime:0.012167s ]
SQL: SHOW COLUMNS FROM `cms_article_category` [ RunTime:0.521170s ]
SQL: SHOW COLUMNS FROM `cms_article` [ RunTime:0.023489s ]
SQL: SELECT * FROM `cms_article` WHERE ( `delete` = 0 ) AND ( `pid` = 5 ) ORDER BY recommend desc,add_time desc LIMIT 4   [ RunTime:0.000394s ]
SQL: SELECT * FROM `cms_article` WHERE ( `delete` = 0 ) AND ( `recommend` > 0 ) AND ( `pid` NOT IN ('5') ) ORDER BY recommend desc,add_time desc LIMIT 4   [ RunTime:0.000263s ]
INFO: [ view_parse ] --START--
INFO: [ template_filter ] --START--
INFO: Run Behavior\ContentReplaceBehavior [ RunTime:0.000088s ]
INFO: [ template_filter ] --END-- [ RunTime:0.000185s ]
INFO: Run Behavior\ParseTemplateBehavior [ RunTime:0.193720s ]
INFO: [ view_parse ] --END-- [ RunTime:0.193839s ]
INFO: [ view_filter ] --START--
INFO: Run Behavior\WriteHtmlCacheBehavior [ RunTime:0.026953s ]
INFO: [ view_filter ] --END-- [ RunTime:0.027059s ]
INFO: [ app_end ] --START--
INFO: Run Behavior\ShowPageTraceBehavior [ RunTime:0.038261s ]
INFO: [ app_end ] --END-- [ RunTime:0.038369s ]

[ 2015-05-16T11:55:17+08:00 ] 127.0.0.1 /lf/admin
INFO: [ app_init ] --START--
INFO: Run Behavior\BuildLiteBehavior [ RunTime:0.000019s ]
INFO: [ app_init ] --END-- [ RunTime:0.000421s ]
INFO: [ app_begin ] --START--
INFO: Run Behavior\ReadHtmlCacheBehavior [ RunTime:0.000925s ]
INFO: [ app_begin ] --END-- [ RunTime:0.001050s ]

[ 2015-05-16T11:55:18+08:00 ] 127.0.0.1 /lf/admin/login.html
INFO: [ app_init ] --START--
INFO: Run Behavior\BuildLiteBehavior [ RunTime:0.000021s ]
INFO: [ app_init ] --END-- [ RunTime:0.000422s ]
INFO: [ app_begin ] --START--
INFO: Run Behavior\ReadHtmlCacheBehavior [ RunTime:0.001008s ]
INFO: [ app_begin ] --END-- [ RunTime:0.001147s ]
INFO: [ view_parse ] --START--
INFO: [ template_filter ] --START--
INFO: Run Behavior\ContentReplaceBehavior [ RunTime:0.000081s ]
INFO: [ template_filter ] --END-- [ RunTime:0.000196s ]
INFO: Run Behavior\ParseTemplateBehavior [ RunTime:0.038937s ]
INFO: [ view_parse ] --END-- [ RunTime:0.039076s ]
INFO: [ view_filter ] --START--
INFO: Run Behavior\WriteHtmlCacheBehavior [ RunTime:0.000676s ]
INFO: [ view_filter ] --END-- [ RunTime:0.000767s ]
INFO: [ app_end ] --START--
INFO: Run Behavior\ShowPageTraceBehavior [ RunTime:0.000891s ]
INFO: [ app_end ] --END-- [ RunTime:0.000984s ]

[ 2015-05-16T11:55:18+08:00 ] 127.0.0.1 /lf/Public/css/pintuer.css
INFO: [ app_init ] --START--
INFO: Run Behavior\BuildLiteBehavior [ RunTime:0.000025s ]
INFO: [ app_init ] --END-- [ RunTime:0.000457s ]
INFO: [ app_begin ] --START--
INFO: Run Behavior\ReadHtmlCacheBehavior [ RunTime:0.000853s ]
INFO: [ app_begin ] --END-- [ RunTime:0.000973s ]
ERR: 无法加载控制器:Public/css/pintuer.css

[ 2015-05-16T11:55:18+08:00 ] 127.0.0.1 /lf/Public/admin/js/js/pintuer.js
INFO: [ app_init ] --START--
INFO: Run Behavior\BuildLiteBehavior [ RunTime:0.000026s ]
INFO: [ app_init ] --END-- [ RunTime:0.008202s ]
INFO: [ app_begin ] --START--
INFO: Run Behavior\ReadHtmlCacheBehavior [ RunTime:0.000918s ]
INFO: [ app_begin ] --END-- [ RunTime:0.001035s ]
ERR: 无法加载控制器:Public/admin/js/js/pintuer.js

[ 2015-05-16T11:55:18+08:00 ] 127.0.0.1 /lf/Public/css/admin.css
INFO: [ app_init ] --START--
INFO: Run Behavior\BuildLiteBehavior [ RunTime:0.000024s ]
INFO: [ app_init ] --END-- [ RunTime:0.007650s ]
INFO: [ app_begin ] --START--
INFO: Run Behavior\ReadHtmlCacheBehavior [ RunTime:0.000943s ]
INFO: [ app_begin ] --END-- [ RunTime:0.001096s ]
ERR: 无法加载控制器:Public/css/admin.css

[ 2015-05-16T11:55:45+08:00 ] 127.0.0.1 /lf/admin/login.html
INFO: [ app_init ] --START--
INFO: Run Behavior\BuildLiteBehavior [ RunTime:0.000025s ]
INFO: [ app_init ] --END-- [ RunTime:0.000481s ]
INFO: [ app_begin ] --START--
INFO: Run Behavior\ReadHtmlCacheBehavior [ RunTime:0.001009s ]
INFO: [ app_begin ] --END-- [ RunTime:0.001121s ]
INFO: [ view_parse ] --START--
INFO: [ template_filter ] --START--
INFO: Run Behavior\ContentReplaceBehavior [ RunTime:0.000082s ]
INFO: [ template_filter ] --END-- [ RunTime:0.000193s ]
INFO: Run Behavior\ParseTemplateBehavior [ RunTime:0.007047s ]
INFO: [ view_parse ] --END-- [ RunTime:0.007152s ]
INFO: [ view_filter ] --START--
INFO: Run Behavior\WriteHtmlCacheBehavior [ RunTime:0.000639s ]
INFO: [ view_filter ] --END-- [ RunTime:0.000725s ]
INFO: [ app_end ] --START--
INFO: Run Behavior\ShowPageTraceBehavior [ RunTime:0.000831s ]
INFO: [ app_end ] --END-- [ RunTime:0.000919s ]

[ 2015-05-16T11:55:45+08:00 ] 127.0.0.1 /lf/Public/admin/js/js/pintuer.js
INFO: [ app_init ] --START--
INFO: Run Behavior\BuildLiteBehavior [ RunTime:0.000024s ]
INFO: [ app_init ] --END-- [ RunTime:0.000520s ]
INFO: [ app_begin ] --START--
INFO: Run Behavior\ReadHtmlCacheBehavior [ RunTime:0.000926s ]
INFO: [ app_begin ] --END-- [ RunTime:0.001046s ]
ERR: 无法加载控制器:Public/admin/js/js/pintuer.js

[ 2015-05-16T11:56:07+08:00 ] 127.0.0.1 /lf/admin/login.html
INFO: [ app_init ] --START--
INFO: Run Behavior\BuildLiteBehavior [ RunTime:0.000028s ]
INFO: [ app_init ] --END-- [ RunTime:0.000550s ]
INFO: [ app_begin ] --START--
INFO: Run Behavior\ReadHtmlCacheBehavior [ RunTime:0.000911s ]
INFO: [ app_begin ] --END-- [ RunTime:0.001102s ]
INFO: [ view_parse ] --START--
INFO: [ template_filter ] --START--
INFO: Run Behavior\ContentReplaceBehavior [ RunTime:0.000086s ]
INFO: [ template_filter ] --END-- [ RunTime:0.000199s ]
INFO: Run Behavior\ParseTemplateBehavior [ RunTime:0.007275s ]
INFO: [ view_parse ] --END-- [ RunTime:0.007396s ]
INFO: [ view_filter ] --START--
INFO: Run Behavior\WriteHtmlCacheBehavior [ RunTime:0.000662s ]
INFO: [ view_filter ] --END-- [ RunTime:0.000755s ]
INFO: [ app_end ] --START--
INFO: Run Behavior\ShowPageTraceBehavior [ RunTime:0.000898s ]
INFO: [ app_end ] --END-- [ RunTime:0.001005s ]

[ 2015-05-16T11:56:07+08:00 ] 127.0.0.1 /lf/Public/admin/js/js/pintuer.js
INFO: [ app_init ] --START--
INFO: Run Behavior\BuildLiteBehavior [ RunTime:0.000022s ]
INFO: [ app_init ] --END-- [ RunTime:0.000446s ]
INFO: [ app_begin ] --START--
INFO: Run Behavior\ReadHtmlCacheBehavior [ RunTime:0.000840s ]
INFO: [ app_begin ] --END-- [ RunTime:0.000953s ]
ERR: 无法加载控制器:Public/admin/js/js/pintuer.js

[ 2015-05-16T11:56:09+08:00 ] 127.0.0.1 /lf/admin/login/login.html
INFO: [ app_init ] --START--
INFO: Run Behavior\BuildLiteBehavior [ RunTime:0.000022s ]
INFO: [ app_init ] --END-- [ RunTime:0.000491s ]
INFO: [ app_begin ] --START--
INFO: Run Behavior\ReadHtmlCacheBehavior [ RunTime:0.000824s ]
INFO: [ app_begin ] --END-- [ RunTime:0.000937s ]
SQL: SHOW COLUMNS FROM `cms_user` [ RunTime:0.141504s ]
SQL: SELECT `uid` FROM `cms_user` WHERE ( `user_name` = 'admin' ) AND ( `password` = 'admin' ) LIMIT 1   [ RunTime:0.013450s ]
INFO: [ view_parse ] --START--
INFO: [ template_filter ] --START--
INFO: Run Behavior\ContentReplaceBehavior [ RunTime:0.000068s ]
INFO: [ template_filter ] --END-- [ RunTime:0.000176s ]
INFO: Run Behavior\ParseTemplateBehavior [ RunTime:0.024816s ]
INFO: [ view_parse ] --END-- [ RunTime:0.024943s ]
INFO: [ view_filter ] --START--
INFO: Run Behavior\WriteHtmlCacheBehavior [ RunTime:0.000658s ]
INFO: [ view_filter ] --END-- [ RunTime:0.000739s ]
INFO: [ app_end ] --START--
INFO: Run Behavior\ShowPageTraceBehavior [ RunTime:0.000868s ]
INFO: [ app_end ] --END-- [ RunTime:0.000955s ]

[ 2015-05-16T11:56:10+08:00 ] 127.0.0.1 /lf/Admin/main/index.html
INFO: [ app_init ] --START--
INFO: Run Behavior\BuildLiteBehavior [ RunTime:0.000019s ]
INFO: [ app_init ] --END-- [ RunTime:0.000400s ]
INFO: [ app_begin ] --START--
INFO: Run Behavior\ReadHtmlCacheBehavior [ RunTime:0.001664s ]
INFO: [ app_begin ] --END-- [ RunTime:0.001791s ]
INFO: [ view_parse ] --START--
INFO: [ template_filter ] --START--
INFO: Run Behavior\ContentReplaceBehavior [ RunTime:0.000106s ]
INFO: [ template_filter ] --END-- [ RunTime:0.000231s ]
NOTIC: [8] Use of undefined constant active - assumed 'active' D:\wamp\www\lf\Application\Runtime\Cache\Admin\ceb25a752d454a3315706634952427db.php 第 31 行.
NOTIC: [8] Undefined variable: this_menu_c D:\wamp\www\lf\Application\Runtime\Cache\Admin\ceb25a752d454a3315706634952427db.php 第 54 行.
NOTIC: [8] Undefined variable: this_menu_c D:\wamp\www\lf\Application\Runtime\Cache\Admin\ceb25a752d454a3315706634952427db.php 第 55 行.
NOTIC: [8] Undefined variable: this_menu_c D:\wamp\www\lf\Application\Runtime\Cache\Admin\ceb25a752d454a3315706634952427db.php 第 56 行.
NOTIC: [8] Undefined variable: this_menu_c D:\wamp\www\lf\Application\Runtime\Cache\Admin\ceb25a752d454a3315706634952427db.php 第 58 行.
NOTIC: [8] Undefined variable: this_menu_c D:\wamp\www\lf\Application\Runtime\Cache\Admin\ceb25a752d454a3315706634952427db.php 第 59 行.
NOTIC: [8] Undefined variable: this_menu_c D:\wamp\www\lf\Application\Runtime\Cache\Admin\ceb25a752d454a3315706634952427db.php 第 60 行.
INFO: Run Behavior\ParseTemplateBehavior [ RunTime:0.041266s ]
INFO: [ view_parse ] --END-- [ RunTime:0.041368s ]
INFO: [ view_filter ] --START--
INFO: Run Behavior\WriteHtmlCacheBehavior [ RunTime:0.000657s ]
INFO: [ view_filter ] --END-- [ RunTime:0.000737s ]
INFO: [ app_end ] --START--
INFO: Run Behavior\ShowPageTraceBehavior [ RunTime:0.000842s ]
INFO: [ app_end ] --END-- [ RunTime:0.000925s ]

[ 2015-05-16T12:06:20+08:00 ] 127.0.0.1 /lf/admin/login/logout.html
INFO: [ app_init ] --START--
INFO: Run Behavior\BuildLiteBehavior [ RunTime:0.000022s ]
INFO: [ app_init ] --END-- [ RunTime:0.000840s ]
INFO: [ app_begin ] --START--
INFO: Run Behavior\ReadHtmlCacheBehavior [ RunTime:0.001169s ]
INFO: [ app_begin ] --END-- [ RunTime:0.001328s ]

[ 2015-05-16T12:06:20+08:00 ] 127.0.0.1 /lf/admin/login.html
INFO: [ app_init ] --START--
INFO: Run Behavior\BuildLiteBehavior [ RunTime:0.000031s ]
INFO: [ app_init ] --END-- [ RunTime:0.000592s ]
INFO: [ app_begin ] --START--
INFO: Run Behavior\ReadHtmlCacheBehavior [ RunTime:0.000910s ]
INFO: [ app_begin ] --END-- [ RunTime:0.001046s ]
INFO: [ view_parse ] --START--
INFO: [ template_filter ] --START--
INFO: Run Behavior\ContentReplaceBehavior [ RunTime:0.000084s ]
INFO: [ template_filter ] --END-- [ RunTime:0.000203s ]
INFO: Run Behavior\ParseTemplateBehavior [ RunTime:0.007625s ]
INFO: [ view_parse ] --END-- [ RunTime:0.007748s ]
INFO: [ view_filter ] --START--
INFO: Run Behavior\WriteHtmlCacheBehavior [ RunTime:0.000703s ]
INFO: [ view_filter ] --END-- [ RunTime:0.000816s ]
INFO: [ app_end ] --START--
INFO: Run Behavior\ShowPageTraceBehavior [ RunTime:0.000890s ]
INFO: [ app_end ] --END-- [ RunTime:0.000982s ]

[ 2015-05-16T12:06:20+08:00 ] 127.0.0.1 /lf/Public/admin/js/js/pintuer.js
INFO: [ app_init ] --START--
INFO: Run Behavior\BuildLiteBehavior [ RunTime:0.000022s ]
INFO: [ app_init ] --END-- [ RunTime:0.000469s ]
INFO: [ app_begin ] --START--
INFO: Run Behavior\ReadHtmlCacheBehavior [ RunTime:0.000860s ]
INFO: [ app_begin ] --END-- [ RunTime:0.000967s ]
ERR: 无法加载控制器:Public/admin/js/js/pintuer.js

[ 2015-05-16T12:06:21+08:00 ] 127.0.0.1 /lf/admin/login.html
INFO: [ app_init ] --START--
INFO: Run Behavior\BuildLiteBehavior [ RunTime:0.000023s ]
INFO: [ app_init ] --END-- [ RunTime:0.000467s ]
INFO: [ app_begin ] --START--
INFO: Run Behavior\ReadHtmlCacheBehavior [ RunTime:0.000887s ]
INFO: [ app_begin ] --END-- [ RunTime:0.001077s ]
INFO: [ view_parse ] --START--
INFO: [ template_filter ] --START--
INFO: Run Behavior\ContentReplaceBehavior [ RunTime:0.000086s ]
INFO: [ template_filter ] --END-- [ RunTime:0.000197s ]
INFO: Run Behavior\ParseTemplateBehavior [ RunTime:0.006820s ]
INFO: [ view_parse ] --END-- [ RunTime:0.006927s ]
INFO: [ view_filter ] --START--
INFO: Run Behavior\WriteHtmlCacheBehavior [ RunTime:0.001971s ]
INFO: [ view_filter ] --END-- [ RunTime:0.002073s ]
INFO: [ app_end ] --START--
INFO: Run Behavior\ShowPageTraceBehavior [ RunTime:0.000943s ]
INFO: [ app_end ] --END-- [ RunTime:0.001031s ]

[ 2015-05-16T12:06:21+08:00 ] 127.0.0.1 /lf/Public/admin/js/js/pintuer.js
INFO: [ app_init ] --START--
INFO: Run Behavior\BuildLiteBehavior [ RunTime:0.000024s ]
INFO: [ app_init ] --END-- [ RunTime:0.000527s ]
INFO: [ app_begin ] --START--
INFO: Run Behavior\ReadHtmlCacheBehavior [ RunTime:0.000912s ]
INFO: [ app_begin ] --END-- [ RunTime:0.001030s ]
ERR: 无法加载控制器:Public/admin/js/js/pintuer.js

[ 2015-05-16T14:31:10+08:00 ] 127.0.0.1 /lf/admin/login.html
INFO: [ app_init ] --START--
INFO: Run Behavior\BuildLiteBehavior [ RunTime:0.000023s ]
INFO: [ app_init ] --END-- [ RunTime:0.012200s ]
INFO: [ app_begin ] --START--
INFO: Run Behavior\ReadHtmlCacheBehavior [ RunTime:0.003493s ]
INFO: [ app_begin ] --END-- [ RunTime:0.003612s ]
INFO: [ view_parse ] --START--
INFO: [ template_filter ] --START--
INFO: Run Behavior\ContentReplaceBehavior [ RunTime:0.000077s ]
INFO: [ template_filter ] --END-- [ RunTime:0.000190s ]
INFO: Run Behavior\ParseTemplateBehavior [ RunTime:0.075993s ]
INFO: [ view_parse ] --END-- [ RunTime:0.076108s ]
INFO: [ view_filter ] --START--
INFO: Run Behavior\WriteHtmlCacheBehavior [ RunTime:0.025634s ]
INFO: [ view_filter ] --END-- [ RunTime:0.025732s ]
INFO: [ app_end ] --START--
INFO: Run Behavior\ShowPageTraceBehavior [ RunTime:0.030871s ]
INFO: [ app_end ] --END-- [ RunTime:0.031044s ]

[ 2015-05-16T14:31:11+08:00 ] 127.0.0.1 /lf/Public/admin/js/js/pintuer.js
INFO: [ app_init ] --START--
INFO: Run Behavior\BuildLiteBehavior [ RunTime:0.000023s ]
INFO: [ app_init ] --END-- [ RunTime:0.000500s ]
INFO: [ app_begin ] --START--
INFO: Run Behavior\ReadHtmlCacheBehavior [ RunTime:0.000887s ]
INFO: [ app_begin ] --END-- [ RunTime:0.001004s ]
ERR: 无法加载控制器:Public/admin/js/js/pintuer.js

[ 2015-05-16T14:31:34+08:00 ] 127.0.0.1 /lf/admin/login.html
INFO: [ app_init ] --START--
INFO: Run Behavior\BuildLiteBehavior [ RunTime:0.000021s ]
INFO: [ app_init ] --END-- [ RunTime:0.000441s ]
INFO: [ app_begin ] --START--
INFO: Run Behavior\ReadHtmlCacheBehavior [ RunTime:0.001067s ]
INFO: [ app_begin ] --END-- [ RunTime:0.001177s ]
INFO: [ view_parse ] --START--
INFO: [ template_filter ] --START--
INFO: Run Behavior\ContentReplaceBehavior [ RunTime:0.000079s ]
INFO: [ template_filter ] --END-- [ RunTime:0.000188s ]
INFO: Run Behavior\ParseTemplateBehavior [ RunTime:0.012870s ]
INFO: [ view_parse ] --END-- [ RunTime:0.012964s ]
INFO: [ view_filter ] --START--
INFO: Run Behavior\WriteHtmlCacheBehavior [ RunTime:0.000668s ]
INFO: [ view_filter ] --END-- [ RunTime:0.000751s ]
INFO: [ app_end ] --START--
INFO: Run Behavior\ShowPageTraceBehavior [ RunTime:0.000843s ]
INFO: [ app_end ] --END-- [ RunTime:0.000928s ]

[ 2015-05-16T14:31:37+08:00 ] 127.0.0.1 /lf/admin/login.html
INFO: [ app_init ] --START--
INFO: Run Behavior\BuildLiteBehavior [ RunTime:0.000023s ]
INFO: [ app_init ] --END-- [ RunTime:0.000576s ]
INFO: [ app_begin ] --START--
INFO: Run Behavior\ReadHtmlCacheBehavior [ RunTime:0.000952s ]
INFO: [ app_begin ] --END-- [ RunTime:0.001086s ]
INFO: [ view_parse ] --START--
INFO: [ template_filter ] --START--
INFO: Run Behavior\ContentReplaceBehavior [ RunTime:0.000079s ]
INFO: [ template_filter ] --END-- [ RunTime:0.000200s ]
INFO: Run Behavior\ParseTemplateBehavior [ RunTime:0.008221s ]
INFO: [ view_parse ] --END-- [ RunTime:0.016144s ]
INFO: [ view_filter ] --START--
INFO: Run Behavior\WriteHtmlCacheBehavior [ RunTime:0.000811s ]
INFO: [ view_filter ] --END-- [ RunTime:0.000900s ]
INFO: [ app_end ] --START--
INFO: Run Behavior\ShowPageTraceBehavior [ RunTime:0.000930s ]
INFO: [ app_end ] --END-- [ RunTime:0.001024s ]

[ 2015-05-16T14:31:51+08:00 ] 127.0.0.1 /lf/admin/login.html
INFO: [ app_init ] --START--
INFO: Run Behavior\BuildLiteBehavior [ RunTime:0.000022s ]
INFO: [ app_init ] --END-- [ RunTime:0.000461s ]
INFO: [ app_begin ] --START--
INFO: Run Behavior\ReadHtmlCacheBehavior [ RunTime:0.001008s ]
INFO: [ app_begin ] --END-- [ RunTime:0.001121s ]
INFO: [ view_parse ] --START--
INFO: [ template_filter ] --START--
INFO: Run Behavior\ContentReplaceBehavior [ RunTime:0.000084s ]
INFO: [ template_filter ] --END-- [ RunTime:0.000213s ]
INFO: Run Behavior\ParseTemplateBehavior [ RunTime:0.007017s ]
INFO: [ view_parse ] --END-- [ RunTime:0.007117s ]
INFO: [ view_filter ] --START--
INFO: Run Behavior\WriteHtmlCacheBehavior [ RunTime:0.000683s ]
INFO: [ view_filter ] --END-- [ RunTime:0.000777s ]
INFO: [ app_end ] --START--
INFO: Run Behavior\ShowPageTraceBehavior [ RunTime:0.000866s ]
INFO: [ app_end ] --END-- [ RunTime:0.000953s ]

[ 2015-05-16T14:31:55+08:00 ] 127.0.0.1 /lf/admin/login.html
INFO: [ app_init ] --START--
INFO: Run Behavior\BuildLiteBehavior [ RunTime:0.000021s ]
INFO: [ app_init ] --END-- [ RunTime:0.000437s ]
INFO: [ app_begin ] --START--
INFO: Run Behavior\ReadHtmlCacheBehavior [ RunTime:0.001119s ]
INFO: [ app_begin ] --END-- [ RunTime:0.001232s ]
INFO: [ view_parse ] --START--
INFO: [ template_filter ] --START--
INFO: Run Behavior\ContentReplaceBehavior [ RunTime:0.000077s ]
INFO: [ template_filter ] --END-- [ RunTime:0.000188s ]
INFO: Run Behavior\ParseTemplateBehavior [ RunTime:0.008042s ]
INFO: [ view_parse ] --END-- [ RunTime:0.008149s ]
INFO: [ view_filter ] --START--
INFO: Run Behavior\WriteHtmlCacheBehavior [ RunTime:0.000702s ]
INFO: [ view_filter ] --END-- [ RunTime:0.000793s ]
INFO: [ app_end ] --START--
INFO: Run Behavior\ShowPageTraceBehavior [ RunTime:0.000856s ]
INFO: [ app_end ] --END-- [ RunTime:0.000945s ]

[ 2015-05-16T14:32:20+08:00 ] 127.0.0.1 /lf/admin/login.html
INFO: [ app_init ] --START--
INFO: Run Behavior\BuildLiteBehavior [ RunTime:0.000024s ]
INFO: [ app_init ] --END-- [ RunTime:0.000515s ]
INFO: [ app_begin ] --START--
INFO: Run Behavior\ReadHtmlCacheBehavior [ RunTime:0.000966s ]
INFO: [ app_begin ] --END-- [ RunTime:0.001163s ]
INFO: [ view_parse ] --START--
INFO: [ template_filter ] --START--
INFO: Run Behavior\ContentReplaceBehavior [ RunTime:0.000083s ]
INFO: [ template_filter ] --END-- [ RunTime:0.000194s ]
INFO: Run Behavior\ParseTemplateBehavior [ RunTime:0.015841s ]
INFO: [ view_parse ] --END-- [ RunTime:0.015954s ]
INFO: [ view_filter ] --START--
INFO: Run Behavior\WriteHtmlCacheBehavior [ RunTime:0.000705s ]
INFO: [ view_filter ] --END-- [ RunTime:0.000794s ]
INFO: [ app_end ] --START--
INFO: Run Behavior\ShowPageTraceBehavior [ RunTime:0.001031s ]
INFO: [ app_end ] --END-- [ RunTime:0.001127s ]

[ 2015-05-16T14:32:21+08:00 ] 127.0.0.1 /lf/admin/login.html
INFO: [ app_init ] --START--
INFO: Run Behavior\BuildLiteBehavior [ RunTime:0.000024s ]
INFO: [ app_init ] --END-- [ RunTime:0.000524s ]
INFO: [ app_begin ] --START--
INFO: Run Behavior\ReadHtmlCacheBehavior [ RunTime:0.000925s ]
INFO: [ app_begin ] --END-- [ RunTime:0.001050s ]
INFO: [ view_parse ] --START--
INFO: [ template_filter ] --START--
INFO: Run Behavior\ContentReplaceBehavior [ RunTime:0.000080s ]
INFO: [ template_filter ] --END-- [ RunTime:0.000191s ]
INFO: Run Behavior\ParseTemplateBehavior [ RunTime:0.007022s ]
INFO: [ view_parse ] --END-- [ RunTime:0.007133s ]
INFO: [ view_filter ] --START--
INFO: Run Behavior\WriteHtmlCacheBehavior [ RunTime:0.000678s ]
INFO: [ view_filter ] --END-- [ RunTime:0.000769s ]
INFO: [ app_end ] --START--
INFO: Run Behavior\ShowPageTraceBehavior [ RunTime:0.000849s ]
INFO: [ app_end ] --END-- [ RunTime:0.000960s ]

[ 2015-05-16T14:32:29+08:00 ] 127.0.0.1 /lf/admin/login/login.html
INFO: [ app_init ] --START--
INFO: Run Behavior\BuildLiteBehavior [ RunTime:0.000021s ]
INFO: [ app_init ] --END-- [ RunTime:0.000442s ]
INFO: [ app_begin ] --START--
INFO: Run Behavior\ReadHtmlCacheBehavior [ RunTime:0.001043s ]
INFO: [ app_begin ] --END-- [ RunTime:0.001180s ]
SQL: SHOW COLUMNS FROM `cms_user` [ RunTime:0.199566s ]
SQL: SELECT `uid` FROM `cms_user` WHERE ( `user_name` = 'admin' ) AND ( `password` = 'admin' ) LIMIT 1   [ RunTime:0.025647s ]
NOTIC: [8] Use of undefined constant ture - assumed 'ture' D:\wamp\www\lf\Application\Admin\Controller\LoginController.class.php 第 28 行.

[ 2015-05-16T14:32:49+08:00 ] 127.0.0.1 /lf/admin/login/login.html
INFO: [ app_init ] --START--
INFO: Run Behavior\BuildLiteBehavior [ RunTime:0.000022s ]
INFO: [ app_init ] --END-- [ RunTime:0.000431s ]
INFO: [ app_begin ] --START--
INFO: Run Behavior\ReadHtmlCacheBehavior [ RunTime:0.000880s ]
INFO: [ app_begin ] --END-- [ RunTime:0.001007s ]
SQL: SHOW COLUMNS FROM `cms_user` [ RunTime:0.008995s ]
SQL: SELECT `uid` FROM `cms_user` WHERE ( `user_name` = 'admin' ) AND ( `password` = 'admin' ) LIMIT 1   [ RunTime:0.000248s ]
NOTIC: [8] Use of undefined constant ture - assumed 'ture' D:\wamp\www\lf\Application\Admin\Controller\LoginController.class.php 第 28 行.

[ 2015-05-16T14:32:52+08:00 ] 127.0.0.1 /lf/admin/login.html
INFO: [ app_init ] --START--
INFO: Run Behavior\BuildLiteBehavior [ RunTime:0.000023s ]
INFO: [ app_init ] --END-- [ RunTime:0.000477s ]
INFO: [ app_begin ] --START--
INFO: Run Behavior\ReadHtmlCacheBehavior [ RunTime:0.000822s ]
INFO: [ app_begin ] --END-- [ RunTime:0.000931s ]
INFO: [ view_parse ] --START--
INFO: [ template_filter ] --START--
INFO: Run Behavior\ContentReplaceBehavior [ RunTime:0.000077s ]
INFO: [ template_filter ] --END-- [ RunTime:0.000189s ]
INFO: Run Behavior\ParseTemplateBehavior [ RunTime:0.007942s ]
INFO: [ view_parse ] --END-- [ RunTime:0.008055s ]
INFO: [ view_filter ] --START--
INFO: Run Behavior\WriteHtmlCacheBehavior [ RunTime:0.000700s ]
INFO: [ view_filter ] --END-- [ RunTime:0.000791s ]
INFO: [ app_end ] --START--
INFO: Run Behavior\ShowPageTraceBehavior [ RunTime:0.001072s ]
INFO: [ app_end ] --END-- [ RunTime:0.001172s ]

[ 2015-05-16T14:33:02+08:00 ] 127.0.0.1 /lf/admin/login.html
INFO: [ app_init ] --START--
INFO: Run Behavior\BuildLiteBehavior [ RunTime:0.000034s ]
INFO: [ app_init ] --END-- [ RunTime:0.000722s ]
INFO: [ app_begin ] --START--
INFO: Run Behavior\ReadHtmlCacheBehavior [ RunTime:0.001518s ]
INFO: [ app_begin ] --END-- [ RunTime:0.001797s ]
INFO: [ view_parse ] --START--
INFO: [ template_filter ] --START--
INFO: Run Behavior\ContentReplaceBehavior [ RunTime:0.000122s ]
INFO: [ template_filter ] --END-- [ RunTime:0.000295s ]
INFO: Run Behavior\ParseTemplateBehavior [ RunTime:0.012570s ]
INFO: [ view_parse ] --END-- [ RunTime:0.012745s ]
INFO: [ view_filter ] --START--
INFO: Run Behavior\WriteHtmlCacheBehavior [ RunTime:0.001177s ]
INFO: [ view_filter ] --END-- [ RunTime:0.001298s ]
INFO: [ app_end ] --START--
INFO: Run Behavior\ShowPageTraceBehavior [ RunTime:0.000949s ]
INFO: [ app_end ] --END-- [ RunTime:0.001041s ]

[ 2015-05-16T14:33:06+08:00 ] 127.0.0.1 /lf/admin/login/login.html
INFO: [ app_init ] --START--
INFO: Run Behavior\BuildLiteBehavior [ RunTime:0.000025s ]
INFO: [ app_init ] --END-- [ RunTime:0.000471s ]
INFO: [ app_begin ] --START--
INFO: Run Behavior\ReadHtmlCacheBehavior [ RunTime:0.000839s ]
INFO: [ app_begin ] --END-- [ RunTime:0.000953s ]
SQL: SHOW COLUMNS FROM `cms_user` [ RunTime:0.003766s ]
SQL: SELECT `uid` FROM `cms_user` WHERE ( `user_name` = 'admin' ) AND ( `password` = 'admin' ) LIMIT 1   [ RunTime:0.000312s ]
NOTIC: [8] Use of undefined constant ture - assumed 'ture' D:\wamp\www\lf\Application\Admin\Controller\LoginController.class.php 第 28 行.

[ 2015-05-16T14:33:32+08:00 ] 127.0.0.1 /lf/admin/login/login.html
INFO: [ app_init ] --START--
INFO: Run Behavior\BuildLiteBehavior [ RunTime:0.000020s ]
INFO: [ app_init ] --END-- [ RunTime:0.000434s ]
INFO: [ app_begin ] --START--
INFO: Run Behavior\ReadHtmlCacheBehavior [ RunTime:0.000862s ]
INFO: [ app_begin ] --END-- [ RunTime:0.000963s ]
SQL: SHOW COLUMNS FROM `cms_user` [ RunTime:0.003281s ]
SQL: SELECT `uid` FROM `cms_user` WHERE ( `user_name` = 'admin' ) AND ( `password` = 'admin' ) LIMIT 1   [ RunTime:0.001146s ]
NOTIC: [8] Use of undefined constant ture - assumed 'ture' D:\wamp\www\lf\Application\Admin\Controller\LoginController.class.php 第 28 行.

[ 2015-05-16T14:33:36+08:00 ] 127.0.0.1 /lf/admin/login.html
INFO: [ app_init ] --START--
INFO: Run Behavior\BuildLiteBehavior [ RunTime:0.000022s ]
INFO: [ app_init ] --END-- [ RunTime:0.000491s ]
INFO: [ app_begin ] --START--
INFO: Run Behavior\ReadHtmlCacheBehavior [ RunTime:0.001171s ]
INFO: [ app_begin ] --END-- [ RunTime:0.001283s ]
INFO: [ view_parse ] --START--
INFO: [ template_filter ] --START--
INFO: Run Behavior\ContentReplaceBehavior [ RunTime:0.000535s ]
INFO: [ template_filter ] --END-- [ RunTime:0.000648s ]
INFO: Run Behavior\ParseTemplateBehavior [ RunTime:0.008946s ]
INFO: [ view_parse ] --END-- [ RunTime:0.009050s ]
INFO: [ view_filter ] --START--
INFO: Run Behavior\WriteHtmlCacheBehavior [ RunTime:0.000870s ]
INFO: [ view_filter ] --END-- [ RunTime:0.000959s ]
INFO: [ app_end ] --START--
INFO: Run Behavior\ShowPageTraceBehavior [ RunTime:0.000859s ]
INFO: [ app_end ] --END-- [ RunTime:0.000943s ]

[ 2015-05-16T14:33:45+08:00 ] 127.0.0.1 /lf/admin/login/login.html
INFO: [ app_init ] --START--
INFO: Run Behavior\BuildLiteBehavior [ RunTime:0.000025s ]
INFO: [ app_init ] --END-- [ RunTime:0.000524s ]
INFO: [ app_begin ] --START--
INFO: Run Behavior\ReadHtmlCacheBehavior [ RunTime:0.001044s ]
INFO: [ app_begin ] --END-- [ RunTime:0.001185s ]
SQL: SHOW COLUMNS FROM `cms_user` [ RunTime:0.003271s ]
SQL: SELECT `uid` FROM `cms_user` WHERE ( `user_name` = 'admin' ) AND ( `password` = 'admin' ) LIMIT 1   [ RunTime:0.000262s ]
NOTIC: [8] Use of undefined constant ture - assumed 'ture' D:\wamp\www\lf\Application\Admin\Controller\LoginController.class.php 第 28 行.

[ 2015-05-16T14:34:04+08:00 ] 127.0.0.1 /lf/admin/login.html
INFO: [ app_init ] --START--
INFO: Run Behavior\BuildLiteBehavior [ RunTime:0.000023s ]
INFO: [ app_init ] --END-- [ RunTime:0.000466s ]
INFO: [ app_begin ] --START--
INFO: Run Behavior\ReadHtmlCacheBehavior [ RunTime:0.000850s ]
INFO: [ app_begin ] --END-- [ RunTime:0.000980s ]
INFO: [ view_parse ] --START--
INFO: [ template_filter ] --START--
INFO: Run Behavior\ContentReplaceBehavior [ RunTime:0.000075s ]
INFO: [ template_filter ] --END-- [ RunTime:0.000188s ]
INFO: Run Behavior\ParseTemplateBehavior [ RunTime:0.007699s ]
INFO: [ view_parse ] --END-- [ RunTime:0.007806s ]
INFO: [ view_filter ] --START--
INFO: Run Behavior\WriteHtmlCacheBehavior [ RunTime:0.000674s ]
INFO: [ view_filter ] --END-- [ RunTime:0.000759s ]
INFO: [ app_end ] --START--
INFO: Run Behavior\ShowPageTraceBehavior [ RunTime:0.032748s ]
INFO: [ app_end ] --END-- [ RunTime:0.032854s ]

[ 2015-05-16T14:34:23+08:00 ] 127.0.0.1 /lf/admin/login/login.html
INFO: [ app_init ] --START--
INFO: Run Behavior\BuildLiteBehavior [ RunTime:0.000034s ]
INFO: [ app_init ] --END-- [ RunTime:0.000601s ]
INFO: [ app_begin ] --START--
INFO: Run Behavior\ReadHtmlCacheBehavior [ RunTime:0.000876s ]
INFO: [ app_begin ] --END-- [ RunTime:0.000985s ]
SQL: SHOW COLUMNS FROM `cms_user` [ RunTime:0.003466s ]
SQL: SELECT `uid` FROM `cms_user` WHERE ( `user_name` = 'admin' ) AND ( `password` = 'admin' ) LIMIT 1   [ RunTime:0.000215s ]
NOTIC: [8] Use of undefined constant ture - assumed 'ture' D:\wamp\www\lf\Application\Admin\Controller\LoginController.class.php 第 28 行.

[ 2015-05-16T14:38:05+08:00 ] 127.0.0.1 /lf/admin/login.html
INFO: [ app_init ] --START--
INFO: Run Behavior\BuildLiteBehavior [ RunTime:0.000024s ]
INFO: [ app_init ] --END-- [ RunTime:0.000468s ]
INFO: [ app_begin ] --START--
INFO: Run Behavior\ReadHtmlCacheBehavior [ RunTime:0.000895s ]
INFO: [ app_begin ] --END-- [ RunTime:0.001009s ]
INFO: [ view_parse ] --START--
INFO: [ template_filter ] --START--
INFO: Run Behavior\ContentReplaceBehavior [ RunTime:0.000077s ]
INFO: [ template_filter ] --END-- [ RunTime:0.000190s ]
INFO: Run Behavior\ParseTemplateBehavior [ RunTime:0.007738s ]
INFO: [ view_parse ] --END-- [ RunTime:0.007856s ]
INFO: [ view_filter ] --START--
INFO: Run Behavior\WriteHtmlCacheBehavior [ RunTime:0.000720s ]
INFO: [ view_filter ] --END-- [ RunTime:0.000812s ]
INFO: [ app_end ] --START--
INFO: Run Behavior\ShowPageTraceBehavior [ RunTime:0.001206s ]
INFO: [ app_end ] --END-- [ RunTime:0.001305s ]

[ 2015-05-16T14:38:15+08:00 ] 127.0.0.1 /lf/admin/login/login.html
INFO: [ app_init ] --START--
INFO: Run Behavior\BuildLiteBehavior [ RunTime:0.000021s ]
INFO: [ app_init ] --END-- [ RunTime:0.000441s ]
INFO: [ app_begin ] --START--
INFO: Run Behavior\ReadHtmlCacheBehavior [ RunTime:0.001038s ]
INFO: [ app_begin ] --END-- [ RunTime:0.001138s ]
SQL: SHOW COLUMNS FROM `cms_user` [ RunTime:0.003228s ]
SQL: SELECT `uid` FROM `cms_user` WHERE ( `user_name` = 'admin' ) AND ( `password` = 'admin' ) LIMIT 1   [ RunTime:0.000279s ]
NOTIC: [8] Use of undefined constant ture - assumed 'ture' D:\wamp\www\lf\Application\Admin\Controller\LoginController.class.php 第 28 行.

[ 2015-05-16T14:38:22+08:00 ] 127.0.0.1 /lf/admin/login/login.html
INFO: [ app_init ] --START--
INFO: Run Behavior\BuildLiteBehavior [ RunTime:0.000024s ]
INFO: [ app_init ] --END-- [ RunTime:0.000547s ]
INFO: [ app_begin ] --START--
INFO: Run Behavior\ReadHtmlCacheBehavior [ RunTime:0.001000s ]
INFO: [ app_begin ] --END-- [ RunTime:0.001141s ]
SQL: SHOW COLUMNS FROM `cms_user` [ RunTime:0.003574s ]
SQL: SELECT `uid` FROM `cms_user` WHERE ( `user_name` = 'admin' ) AND ( `password` = 'admin' ) LIMIT 1   [ RunTime:0.001527s ]
NOTIC: [8] Use of undefined constant ture - assumed 'ture' D:\wamp\www\lf\Application\Admin\Controller\LoginController.class.php 第 28 行.

[ 2015-05-16T14:38:38+08:00 ] 127.0.0.1 /lf/admin/login/login.html
INFO: [ app_init ] --START--
INFO: Run Behavior\BuildLiteBehavior [ RunTime:0.000022s ]
INFO: [ app_init ] --END-- [ RunTime:0.000494s ]
INFO: [ app_begin ] --START--
INFO: Run Behavior\ReadHtmlCacheBehavior [ RunTime:0.000900s ]
INFO: [ app_begin ] --END-- [ RunTime:0.001025s ]
SQL: SHOW COLUMNS FROM `cms_user` [ RunTime:0.003155s ]
SQL: SELECT `uid` FROM `cms_user` WHERE ( `user_name` = 'admin' ) AND ( `password` = 'admin' ) LIMIT 1   [ RunTime:0.000227s ]
NOTIC: [8] Use of undefined constant ture - assumed 'ture' D:\wamp\www\lf\Application\Admin\Controller\LoginController.class.php 第 28 行.

[ 2015-05-16T14:38:41+08:00 ] 127.0.0.1 /lf/admin/login.html
INFO: [ app_init ] --START--
INFO: Run Behavior\BuildLiteBehavior [ RunTime:0.000022s ]
INFO: [ app_init ] --END-- [ RunTime:0.000444s ]
INFO: [ app_begin ] --START--
INFO: Run Behavior\ReadHtmlCacheBehavior [ RunTime:0.000833s ]
INFO: [ app_begin ] --END-- [ RunTime:0.000945s ]
INFO: [ view_parse ] --START--
INFO: [ template_filter ] --START--
INFO: Run Behavior\ContentReplaceBehavior [ RunTime:0.000075s ]
INFO: [ template_filter ] --END-- [ RunTime:0.000181s ]
INFO: Run Behavior\ParseTemplateBehavior [ RunTime:0.007248s ]
INFO: [ view_parse ] --END-- [ RunTime:0.007354s ]
INFO: [ view_filter ] --START--
INFO: Run Behavior\WriteHtmlCacheBehavior [ RunTime:0.000663s ]
INFO: [ view_filter ] --END-- [ RunTime:0.000747s ]
INFO: [ app_end ] --START--
INFO: Run Behavior\ShowPageTraceBehavior [ RunTime:0.000859s ]
INFO: [ app_end ] --END-- [ RunTime:0.000947s ]

[ 2015-05-16T14:38:46+08:00 ] 127.0.0.1 /lf/admin/login.html
INFO: [ app_init ] --START--
INFO: Run Behavior\BuildLiteBehavior [ RunTime:0.000024s ]
INFO: [ app_init ] --END-- [ RunTime:0.000446s ]
INFO: [ app_begin ] --START--
INFO: Run Behavior\ReadHtmlCacheBehavior [ RunTime:0.001213s ]
INFO: [ app_begin ] --END-- [ RunTime:0.001340s ]
INFO: [ view_parse ] --START--
INFO: [ template_filter ] --START--
INFO: Run Behavior\ContentReplaceBehavior [ RunTime:0.000076s ]
INFO: [ template_filter ] --END-- [ RunTime:0.000179s ]
INFO: Run Behavior\ParseTemplateBehavior [ RunTime:0.007309s ]
INFO: [ view_parse ] --END-- [ RunTime:0.007405s ]
INFO: [ view_filter ] --START--
INFO: Run Behavior\WriteHtmlCacheBehavior [ RunTime:0.000633s ]
INFO: [ view_filter ] --END-- [ RunTime:0.000711s ]
INFO: [ app_end ] --START--
INFO: Run Behavior\ShowPageTraceBehavior [ RunTime:0.000823s ]
INFO: [ app_end ] --END-- [ RunTime:0.000905s ]

[ 2015-05-16T14:38:57+08:00 ] 127.0.0.1 /lf/admin/login/login.html
INFO: [ app_init ] --START--
INFO: Run Behavior\BuildLiteBehavior [ RunTime:0.000023s ]
INFO: [ app_init ] --END-- [ RunTime:0.000585s ]
INFO: [ app_begin ] --START--
INFO: Run Behavior\ReadHtmlCacheBehavior [ RunTime:0.000857s ]
INFO: [ app_begin ] --END-- [ RunTime:0.000965s ]
SQL: SHOW COLUMNS FROM `cms_user` [ RunTime:0.003393s ]
SQL: SELECT `uid` FROM `cms_user` WHERE ( `user_name` = 'admin' ) AND ( `password` = 'admin' ) LIMIT 1   [ RunTime:0.000313s ]
NOTIC: [8] Use of undefined constant ture - assumed 'ture' D:\wamp\www\lf\Application\Admin\Controller\LoginController.class.php 第 28 行.

[ 2015-05-16T14:39:02+08:00 ] 127.0.0.1 /lf/admin/login/login.html
INFO: [ app_init ] --START--
INFO: Run Behavior\BuildLiteBehavior [ RunTime:0.000022s ]
INFO: [ app_init ] --END-- [ RunTime:0.000444s ]
INFO: [ app_begin ] --START--
INFO: Run Behavior\ReadHtmlCacheBehavior [ RunTime:0.000852s ]
INFO: [ app_begin ] --END-- [ RunTime:0.000955s ]
SQL: SHOW COLUMNS FROM `cms_user` [ RunTime:0.003335s ]
SQL: SELECT `uid` FROM `cms_user` WHERE ( `user_name` = 'admin' ) AND ( `password` = 'admin' ) LIMIT 1   [ RunTime:0.000330s ]
NOTIC: [8] Use of undefined constant ture - assumed 'ture' D:\wamp\www\lf\Application\Admin\Controller\LoginController.class.php 第 28 行.

[ 2015-05-16T14:39:02+08:00 ] 127.0.0.1 /lf/admin/login/login.html
INFO: [ app_init ] --START--
INFO: Run Behavior\BuildLiteBehavior [ RunTime:0.000023s ]
INFO: [ app_init ] --END-- [ RunTime:0.000466s ]
INFO: [ app_begin ] --START--
INFO: Run Behavior\ReadHtmlCacheBehavior [ RunTime:0.001686s ]
INFO: [ app_begin ] --END-- [ RunTime:0.002142s ]
SQL: SHOW COLUMNS FROM `cms_user` [ RunTime:0.003458s ]
SQL: SELECT `uid` FROM `cms_user` WHERE ( `user_name` = 'admin' ) AND ( `password` = 'admin' ) LIMIT 1   [ RunTime:0.000286s ]
NOTIC: [8] Use of undefined constant ture - assumed 'ture' D:\wamp\www\lf\Application\Admin\Controller\LoginController.class.php 第 28 行.

[ 2015-05-16T14:39:09+08:00 ] 127.0.0.1 /lf/admin/login.html
INFO: [ app_init ] --START--
INFO: Run Behavior\BuildLiteBehavior [ RunTime:0.000022s ]
INFO: [ app_init ] --END-- [ RunTime:0.000438s ]
INFO: [ app_begin ] --START--
INFO: Run Behavior\ReadHtmlCacheBehavior [ RunTime:0.000896s ]
INFO: [ app_begin ] --END-- [ RunTime:0.001008s ]
INFO: [ view_parse ] --START--
INFO: [ template_filter ] --START--
INFO: Run Behavior\ContentReplaceBehavior [ RunTime:0.000083s ]
INFO: [ template_filter ] --END-- [ RunTime:0.000900s ]
INFO: Run Behavior\ParseTemplateBehavior [ RunTime:0.007994s ]
INFO: [ view_parse ] --END-- [ RunTime:0.008093s ]
INFO: [ view_filter ] --START--
INFO: Run Behavior\WriteHtmlCacheBehavior [ RunTime:0.000728s ]
INFO: [ view_filter ] --END-- [ RunTime:0.000807s ]
INFO: [ app_end ] --START--
INFO: Run Behavior\ShowPageTraceBehavior [ RunTime:0.000947s ]
INFO: [ app_end ] --END-- [ RunTime:0.001039s ]

[ 2015-05-16T14:39:12+08:00 ] 127.0.0.1 /lf/admin/login/login.html
INFO: [ app_init ] --START--
INFO: Run Behavior\BuildLiteBehavior [ RunTime:0.000025s ]
INFO: [ app_init ] --END-- [ RunTime:0.000648s ]
INFO: [ app_begin ] --START--
INFO: Run Behavior\ReadHtmlCacheBehavior [ RunTime:0.000837s ]
INFO: [ app_begin ] --END-- [ RunTime:0.000940s ]
SQL: SHOW COLUMNS FROM `cms_user` [ RunTime:0.003336s ]
SQL: SELECT `uid` FROM `cms_user` WHERE ( `user_name` = 'admin' ) AND ( `password` = 'admin' ) LIMIT 1   [ RunTime:0.000274s ]
NOTIC: [8] Use of undefined constant ture - assumed 'ture' D:\wamp\www\lf\Application\Admin\Controller\LoginController.class.php 第 28 行.

[ 2015-05-16T14:39:23+08:00 ] 127.0.0.1 /lf/admin/login.html
INFO: [ app_init ] --START--
INFO: Run Behavior\BuildLiteBehavior [ RunTime:0.000020s ]
INFO: [ app_init ] --END-- [ RunTime:0.000433s ]
INFO: [ app_begin ] --START--
INFO: Run Behavior\ReadHtmlCacheBehavior [ RunTime:0.000815s ]
INFO: [ app_begin ] --END-- [ RunTime:0.000925s ]
INFO: [ view_parse ] --START--
INFO: [ template_filter ] --START--
INFO: Run Behavior\ContentReplaceBehavior [ RunTime:0.000070s ]
INFO: [ template_filter ] --END-- [ RunTime:0.000166s ]
INFO: Run Behavior\ParseTemplateBehavior [ RunTime:0.007234s ]
INFO: [ view_parse ] --END-- [ RunTime:0.007334s ]
INFO: [ view_filter ] --START--
INFO: Run Behavior\WriteHtmlCacheBehavior [ RunTime:0.000645s ]
INFO: [ view_filter ] --END-- [ RunTime:0.000730s ]
INFO: [ app_end ] --START--
INFO: Run Behavior\ShowPageTraceBehavior [ RunTime:0.001031s ]
INFO: [ app_end ] --END-- [ RunTime:0.001136s ]

[ 2015-05-16T14:39:25+08:00 ] 127.0.0.1 /lf/admin/login.html
INFO: [ app_init ] --START--
INFO: Run Behavior\BuildLiteBehavior [ RunTime:0.000147s ]
INFO: [ app_init ] --END-- [ RunTime:0.000597s ]
INFO: [ app_begin ] --START--
INFO: Run Behavior\ReadHtmlCacheBehavior [ RunTime:0.000837s ]
INFO: [ app_begin ] --END-- [ RunTime:0.000949s ]
INFO: [ view_parse ] --START--
INFO: [ template_filter ] --START--
INFO: Run Behavior\ContentReplaceBehavior [ RunTime:0.000076s ]
INFO: [ template_filter ] --END-- [ RunTime:0.000182s ]
INFO: Run Behavior\ParseTemplateBehavior [ RunTime:0.007185s ]
INFO: [ view_parse ] --END-- [ RunTime:0.007288s ]
INFO: [ view_filter ] --START--
INFO: Run Behavior\WriteHtmlCacheBehavior [ RunTime:0.000656s ]
INFO: [ view_filter ] --END-- [ RunTime:0.000741s ]
INFO: [ app_end ] --START--
INFO: Run Behavior\ShowPageTraceBehavior [ RunTime:0.000855s ]
INFO: [ app_end ] --END-- [ RunTime:0.000946s ]

[ 2015-05-16T14:39:32+08:00 ] 127.0.0.1 /lf/admin/login/login.html
INFO: [ app_init ] --START--
INFO: Run Behavior\BuildLiteBehavior [ RunTime:0.000022s ]
INFO: [ app_init ] --END-- [ RunTime:0.000493s ]
INFO: [ app_begin ] --START--
INFO: Run Behavior\ReadHtmlCacheBehavior [ RunTime:0.001018s ]
INFO: [ app_begin ] --END-- [ RunTime:0.001120s ]
SQL: SHOW COLUMNS FROM `cms_user` [ RunTime:0.012430s ]
SQL: SELECT `uid` FROM `cms_user` WHERE ( `user_name` = 'admin' ) AND ( `password` = 'admin' ) LIMIT 1   [ RunTime:0.000427s ]
NOTIC: [8] Use of undefined constant ture - assumed 'ture' D:\wamp\www\lf\Application\Admin\Controller\LoginController.class.php 第 28 行.

[ 2015-05-16T14:39:38+08:00 ] 127.0.0.1 /lf/admin/login/login.html
INFO: [ app_init ] --START--
INFO: Run Behavior\BuildLiteBehavior [ RunTime:0.000021s ]
INFO: [ app_init ] --END-- [ RunTime:0.000427s ]
INFO: [ app_begin ] --START--
INFO: Run Behavior\ReadHtmlCacheBehavior [ RunTime:0.000831s ]
INFO: [ app_begin ] --END-- [ RunTime:0.000928s ]
SQL: SHOW COLUMNS FROM `cms_user` [ RunTime:0.003229s ]
SQL: SELECT `uid` FROM `cms_user` WHERE ( `user_name` = 'admin' ) AND ( `password` = 'admin' ) LIMIT 1   [ RunTime:0.000241s ]
NOTIC: [8] Use of undefined constant ture - assumed 'ture' D:\wamp\www\lf\Application\Admin\Controller\LoginController.class.php 第 28 行.

[ 2015-05-16T14:39:38+08:00 ] 127.0.0.1 /lf/admin/login/login.html
INFO: [ app_init ] --START--
INFO: Run Behavior\BuildLiteBehavior [ RunTime:0.000022s ]
INFO: [ app_init ] --END-- [ RunTime:0.000481s ]
INFO: [ app_begin ] --START--
INFO: Run Behavior\ReadHtmlCacheBehavior [ RunTime:0.001073s ]
INFO: [ app_begin ] --END-- [ RunTime:0.001211s ]
SQL: SHOW COLUMNS FROM `cms_user` [ RunTime:0.003136s ]
SQL: SELECT `uid` FROM `cms_user` WHERE ( `user_name` = 'admin' ) AND ( `password` = 'admin' ) LIMIT 1   [ RunTime:0.000268s ]
NOTIC: [8] Use of undefined constant ture - assumed 'ture' D:\wamp\www\lf\Application\Admin\Controller\LoginController.class.php 第 28 行.

[ 2015-05-16T14:39:47+08:00 ] 127.0.0.1 /lf/admin/login.html
INFO: [ app_init ] --START--
INFO: Run Behavior\BuildLiteBehavior [ RunTime:0.000022s ]
INFO: [ app_init ] --END-- [ RunTime:0.000495s ]
INFO: [ app_begin ] --START--
INFO: Run Behavior\ReadHtmlCacheBehavior [ RunTime:0.000817s ]
INFO: [ app_begin ] --END-- [ RunTime:0.000921s ]
INFO: [ view_parse ] --START--
INFO: [ template_filter ] --START--
INFO: Run Behavior\ContentReplaceBehavior [ RunTime:0.000070s ]
INFO: [ template_filter ] --END-- [ RunTime:0.000161s ]
INFO: Run Behavior\ParseTemplateBehavior [ RunTime:0.007233s ]
INFO: [ view_parse ] --END-- [ RunTime:0.007338s ]
INFO: [ view_filter ] --START--
INFO: Run Behavior\WriteHtmlCacheBehavior [ RunTime:0.000735s ]
INFO: [ view_filter ] --END-- [ RunTime:0.000831s ]
INFO: [ app_end ] --START--
INFO: Run Behavior\ShowPageTraceBehavior [ RunTime:0.000898s ]
INFO: [ app_end ] --END-- [ RunTime:0.001011s ]

[ 2015-05-16T14:39:54+08:00 ] 127.0.0.1 /lf/admin/login.html
INFO: [ app_init ] --START--
INFO: Run Behavior\BuildLiteBehavior [ RunTime:0.000020s ]
INFO: [ app_init ] --END-- [ RunTime:0.000422s ]
INFO: [ app_begin ] --START--
INFO: Run Behavior\ReadHtmlCacheBehavior [ RunTime:0.000881s ]
INFO: [ app_begin ] --END-- [ RunTime:0.000988s ]
INFO: [ view_parse ] --START--
INFO: [ template_filter ] --START--
INFO: Run Behavior\ContentReplaceBehavior [ RunTime:0.000084s ]
INFO: [ template_filter ] --END-- [ RunTime:0.000201s ]
INFO: Run Behavior\ParseTemplateBehavior [ RunTime:0.007468s ]
INFO: [ view_parse ] --END-- [ RunTime:0.007576s ]
INFO: [ view_filter ] --START--
INFO: Run Behavior\WriteHtmlCacheBehavior [ RunTime:0.000720s ]
INFO: [ view_filter ] --END-- [ RunTime:0.000809s ]
INFO: [ app_end ] --START--
INFO: Run Behavior\ShowPageTraceBehavior [ RunTime:0.000876s ]
INFO: [ app_end ] --END-- [ RunTime:0.000968s ]

[ 2015-05-16T14:40:41+08:00 ] 127.0.0.1 /lf/admin/login.html
INFO: [ app_init ] --START--
INFO: Run Behavior\BuildLiteBehavior [ RunTime:0.000021s ]
INFO: [ app_init ] --END-- [ RunTime:0.000450s ]
INFO: [ app_begin ] --START--
INFO: Run Behavior\ReadHtmlCacheBehavior [ RunTime:0.000846s ]
INFO: [ app_begin ] --END-- [ RunTime:0.000964s ]
INFO: [ view_parse ] --START--
INFO: [ template_filter ] --START--
INFO: Run Behavior\ContentReplaceBehavior [ RunTime:0.000096s ]
INFO: [ template_filter ] --END-- [ RunTime:0.000209s ]
INFO: Run Behavior\ParseTemplateBehavior [ RunTime:0.007127s ]
INFO: [ view_parse ] --END-- [ RunTime:0.007221s ]
INFO: [ view_filter ] --START--
INFO: Run Behavior\WriteHtmlCacheBehavior [ RunTime:0.000647s ]
INFO: [ view_filter ] --END-- [ RunTime:0.000729s ]
INFO: [ app_end ] --START--
INFO: Run Behavior\ShowPageTraceBehavior [ RunTime:0.001012s ]
INFO: [ app_end ] --END-- [ RunTime:0.001105s ]

[ 2015-05-16T14:40:45+08:00 ] 127.0.0.1 /lf/admin/login/login.html
INFO: [ app_init ] --START--
INFO: Run Behavior\BuildLiteBehavior [ RunTime:0.000021s ]
INFO: [ app_init ] --END-- [ RunTime:0.000449s ]
INFO: [ app_begin ] --START--
INFO: Run Behavior\ReadHtmlCacheBehavior [ RunTime:0.001008s ]
INFO: [ app_begin ] --END-- [ RunTime:0.001100s ]
SQL: SHOW COLUMNS FROM `cms_user` [ RunTime:0.003301s ]
SQL: SELECT `uid` FROM `cms_user` WHERE ( `user_name` = 'admin' ) AND ( `password` = 'admin' ) LIMIT 1   [ RunTime:0.000261s ]
NOTIC: [8] Use of undefined constant ture - assumed 'ture' D:\wamp\www\lf\Application\Admin\Controller\LoginController.class.php 第 28 行.

[ 2015-05-16T14:40:45+08:00 ] 127.0.0.1 /lf/admin/login/login.html
INFO: [ app_init ] --START--
INFO: Run Behavior\BuildLiteBehavior [ RunTime:0.000021s ]
INFO: [ app_init ] --END-- [ RunTime:0.000480s ]
INFO: [ app_begin ] --START--
INFO: Run Behavior\ReadHtmlCacheBehavior [ RunTime:0.000795s ]
INFO: [ app_begin ] --END-- [ RunTime:0.000895s ]
SQL: SHOW COLUMNS FROM `cms_user` [ RunTime:0.003113s ]
SQL: SELECT `uid` FROM `cms_user` WHERE ( `user_name` = 'admin' ) AND ( `password` = 'admin' ) LIMIT 1   [ RunTime:0.000190s ]
NOTIC: [8] Use of undefined constant ture - assumed 'ture' D:\wamp\www\lf\Application\Admin\Controller\LoginController.class.php 第 28 行.

[ 2015-05-16T14:41:09+08:00 ] 127.0.0.1 /lf/admin/login.html
INFO: [ app_init ] --START--
INFO: Run Behavior\BuildLiteBehavior [ RunTime:0.000023s ]
INFO: [ app_init ] --END-- [ RunTime:0.000493s ]
INFO: [ app_begin ] --START--
INFO: Run Behavior\ReadHtmlCacheBehavior [ RunTime:0.001163s ]
INFO: [ app_begin ] --END-- [ RunTime:0.001285s ]
INFO: [ view_parse ] --START--
INFO: [ template_filter ] --START--
INFO: Run Behavior\ContentReplaceBehavior [ RunTime:0.000076s ]
INFO: [ template_filter ] --END-- [ RunTime:0.000183s ]
INFO: Run Behavior\ParseTemplateBehavior [ RunTime:0.008148s ]
INFO: [ view_parse ] --END-- [ RunTime:0.008259s ]
INFO: [ view_filter ] --START--
INFO: Run Behavior\WriteHtmlCacheBehavior [ RunTime:0.000676s ]
INFO: [ view_filter ] --END-- [ RunTime:0.000756s ]
INFO: [ app_end ] --START--
INFO: Run Behavior\ShowPageTraceBehavior [ RunTime:0.000887s ]
INFO: [ app_end ] --END-- [ RunTime:0.000972s ]

[ 2015-05-16T14:41:19+08:00 ] 127.0.0.1 /lf/admin/login/login.html
INFO: [ app_init ] --START--
INFO: Run Behavior\BuildLiteBehavior [ RunTime:0.000021s ]
INFO: [ app_init ] --END-- [ RunTime:0.000421s ]
INFO: [ app_begin ] --START--
INFO: Run Behavior\ReadHtmlCacheBehavior [ RunTime:0.000820s ]
INFO: [ app_begin ] --END-- [ RunTime:0.000914s ]
SQL: SHOW COLUMNS FROM `cms_user` [ RunTime:0.003391s ]
SQL: SELECT `uid` FROM `cms_user` WHERE ( `user_name` = 'admin' ) AND ( `password` = 'admin' ) LIMIT 1   [ RunTime:0.000287s ]
NOTIC: [8] Use of undefined constant ture - assumed 'ture' D:\wamp\www\lf\Application\Admin\Controller\LoginController.class.php 第 28 行.

[ 2015-05-16T14:41:19+08:00 ] 127.0.0.1 /lf/admin/login/login.html
INFO: [ app_init ] --START--
INFO: Run Behavior\BuildLiteBehavior [ RunTime:0.000023s ]
INFO: [ app_init ] --END-- [ RunTime:0.000460s ]
INFO: [ app_begin ] --START--
INFO: Run Behavior\ReadHtmlCacheBehavior [ RunTime:0.000818s ]
INFO: [ app_begin ] --END-- [ RunTime:0.000925s ]
SQL: SHOW COLUMNS FROM `cms_user` [ RunTime:0.003391s ]
SQL: SELECT `uid` FROM `cms_user` WHERE ( `user_name` = 'admin' ) AND ( `password` = 'admin' ) LIMIT 1   [ RunTime:0.000240s ]
NOTIC: [8] Use of undefined constant ture - assumed 'ture' D:\wamp\www\lf\Application\Admin\Controller\LoginController.class.php 第 28 行.

[ 2015-05-16T14:41:23+08:00 ] 127.0.0.1 /lf/admin/login/login.html
INFO: [ app_init ] --START--
INFO: Run Behavior\BuildLiteBehavior [ RunTime:0.000024s ]
INFO: [ app_init ] --END-- [ RunTime:0.000527s ]
INFO: [ app_begin ] --START--
INFO: Run Behavior\ReadHtmlCacheBehavior [ RunTime:0.000884s ]
INFO: [ app_begin ] --END-- [ RunTime:0.000994s ]
SQL: SHOW COLUMNS FROM `cms_user` [ RunTime:0.003098s ]
SQL: SELECT `uid` FROM `cms_user` WHERE ( `user_name` = 'admin' ) AND ( `password` = 'admin' ) LIMIT 1   [ RunTime:0.000597s ]
NOTIC: [8] Use of undefined constant ture - assumed 'ture' D:\wamp\www\lf\Application\Admin\Controller\LoginController.class.php 第 28 行.

[ 2015-05-16T14:41:26+08:00 ] 127.0.0.1 /lf/admin/login/login.html
INFO: [ app_init ] --START--
INFO: Run Behavior\BuildLiteBehavior [ RunTime:0.000029s ]
INFO: [ app_init ] --END-- [ RunTime:0.000616s ]
INFO: [ app_begin ] --START--
INFO: Run Behavior\ReadHtmlCacheBehavior [ RunTime:0.001153s ]
INFO: [ app_begin ] --END-- [ RunTime:0.001297s ]
SQL: SHOW COLUMNS FROM `cms_user` [ RunTime:0.003365s ]
SQL: SELECT `uid` FROM `cms_user` WHERE ( `user_name` = 'admin' ) AND ( `password` = 'admin' ) LIMIT 1   [ RunTime:0.000223s ]
NOTIC: [8] Use of undefined constant ture - assumed 'ture' D:\wamp\www\lf\Application\Admin\Controller\LoginController.class.php 第 28 行.

[ 2015-05-16T14:41:27+08:00 ] 127.0.0.1 /lf/admin/login.html
INFO: [ app_init ] --START--
INFO: Run Behavior\BuildLiteBehavior [ RunTime:0.000020s ]
INFO: [ app_init ] --END-- [ RunTime:0.000422s ]
INFO: [ app_begin ] --START--
INFO: Run Behavior\ReadHtmlCacheBehavior [ RunTime:0.000952s ]
INFO: [ app_begin ] --END-- [ RunTime:0.001075s ]
INFO: [ view_parse ] --START--
INFO: [ template_filter ] --START--
INFO: Run Behavior\ContentReplaceBehavior [ RunTime:0.000083s ]
INFO: [ template_filter ] --END-- [ RunTime:0.000251s ]
INFO: Run Behavior\ParseTemplateBehavior [ RunTime:0.008414s ]
INFO: [ view_parse ] --END-- [ RunTime:0.008522s ]
INFO: [ view_filter ] --START--
INFO: Run Behavior\WriteHtmlCacheBehavior [ RunTime:0.000728s ]
INFO: [ view_filter ] --END-- [ RunTime:0.000810s ]
INFO: [ app_end ] --START--
INFO: Run Behavior\ShowPageTraceBehavior [ RunTime:0.000847s ]
INFO: [ app_end ] --END-- [ RunTime:0.000931s ]

[ 2015-05-16T14:41:42+08:00 ] 127.0.0.1 /lf/admin/login/login.html
INFO: [ app_init ] --START--
INFO: Run Behavior\BuildLiteBehavior [ RunTime:0.000023s ]
INFO: [ app_init ] --END-- [ RunTime:0.000450s ]
INFO: [ app_begin ] --START--
INFO: Run Behavior\ReadHtmlCacheBehavior [ RunTime:0.000872s ]
INFO: [ app_begin ] --END-- [ RunTime:0.000974s ]
SQL: SHOW COLUMNS FROM `cms_user` [ RunTime:0.003627s ]
SQL: SELECT `uid` FROM `cms_user` WHERE ( `user_name` = 'admin' ) AND ( `password` = 'admin' ) LIMIT 1   [ RunTime:0.000335s ]
NOTIC: [8] Use of undefined constant ture - assumed 'ture' D:\wamp\www\lf\Application\Admin\Controller\LoginController.class.php 第 28 行.

[ 2015-05-16T14:41:42+08:00 ] 127.0.0.1 /lf/admin/login/login.html
INFO: [ app_init ] --START--
INFO: Run Behavior\BuildLiteBehavior [ RunTime:0.000025s ]
INFO: [ app_init ] --END-- [ RunTime:0.000561s ]
INFO: [ app_begin ] --START--
INFO: Run Behavior\ReadHtmlCacheBehavior [ RunTime:0.000872s ]
INFO: [ app_begin ] --END-- [ RunTime:0.001007s ]
SQL: SHOW COLUMNS FROM `cms_user` [ RunTime:0.003472s ]
SQL: SELECT `uid` FROM `cms_user` WHERE ( `user_name` = 'admin' ) AND ( `password` = 'admin' ) LIMIT 1   [ RunTime:0.001694s ]
NOTIC: [8] Use of undefined constant ture - assumed 'ture' D:\wamp\www\lf\Application\Admin\Controller\LoginController.class.php 第 28 行.

[ 2015-05-16T14:41:50+08:00 ] 127.0.0.1 /lf/admin/login.html
INFO: [ app_init ] --START--
INFO: Run Behavior\BuildLiteBehavior [ RunTime:0.000024s ]
INFO: [ app_init ] --END-- [ RunTime:0.000502s ]
INFO: [ app_begin ] --START--
INFO: Run Behavior\ReadHtmlCacheBehavior [ RunTime:0.000907s ]
INFO: [ app_begin ] --END-- [ RunTime:0.001026s ]
INFO: [ view_parse ] --START--
INFO: [ template_filter ] --START--
INFO: Run Behavior\ContentReplaceBehavior [ RunTime:0.000095s ]
INFO: [ template_filter ] --END-- [ RunTime:0.000233s ]
INFO: Run Behavior\ParseTemplateBehavior [ RunTime:0.008125s ]
INFO: [ view_parse ] --END-- [ RunTime:0.008240s ]
INFO: [ view_filter ] --START--
INFO: Run Behavior\WriteHtmlCacheBehavior [ RunTime:0.000860s ]
INFO: [ view_filter ] --END-- [ RunTime:0.000960s ]
INFO: [ app_end ] --START--
INFO: Run Behavior\ShowPageTraceBehavior [ RunTime:0.000897s ]
INFO: [ app_end ] --END-- [ RunTime:0.000982s ]

[ 2015-05-16T14:42:14+08:00 ] 127.0.0.1 /lf/admin/login/login.html
INFO: [ app_init ] --START--
INFO: Run Behavior\BuildLiteBehavior [ RunTime:0.000024s ]
INFO: [ app_init ] --END-- [ RunTime:0.000468s ]
INFO: [ app_begin ] --START--
INFO: Run Behavior\ReadHtmlCacheBehavior [ RunTime:0.000992s ]
INFO: [ app_begin ] --END-- [ RunTime:0.001099s ]
SQL: SHOW COLUMNS FROM `cms_user` [ RunTime:0.019573s ]
SQL: SELECT `uid` FROM `cms_user` WHERE ( `user_name` = 'admin' ) AND ( `password` = 'admin' ) LIMIT 1   [ RunTime:0.000283s ]
NOTIC: [8] Use of undefined constant ture - assumed 'ture' D:\wamp\www\lf\Application\Admin\Controller\LoginController.class.php 第 28 行.

[ 2015-05-16T14:42:26+08:00 ] 127.0.0.1 /lf/admin/login/login.html
INFO: [ app_init ] --START--
INFO: Run Behavior\BuildLiteBehavior [ RunTime:0.000021s ]
INFO: [ app_init ] --END-- [ RunTime:0.000436s ]
INFO: [ app_begin ] --START--
INFO: Run Behavior\ReadHtmlCacheBehavior [ RunTime:0.000859s ]
INFO: [ app_begin ] --END-- [ RunTime:0.000961s ]
SQL: SHOW COLUMNS FROM `cms_user` [ RunTime:0.003619s ]
SQL: SELECT `uid` FROM `cms_user` WHERE ( `user_name` = 'admin' ) AND ( `password` = 'admin' ) LIMIT 1   [ RunTime:0.000278s ]
NOTIC: [8] Use of undefined constant ture - assumed 'ture' D:\wamp\www\lf\Application\Admin\Controller\LoginController.class.php 第 28 行.

[ 2015-05-16T14:43:41+08:00 ] 127.0.0.1 /lf/admin/login/login.html
INFO: [ app_init ] --START--
INFO: Run Behavior\BuildLiteBehavior [ RunTime:0.000020s ]
INFO: [ app_init ] --END-- [ RunTime:0.000413s ]
INFO: [ app_begin ] --START--
INFO: Run Behavior\ReadHtmlCacheBehavior [ RunTime:0.000885s ]
INFO: [ app_begin ] --END-- [ RunTime:0.001033s ]
SQL: SHOW COLUMNS FROM `cms_user` [ RunTime:0.003311s ]
SQL: SELECT `uid` FROM `cms_user` WHERE ( `user_name` = 'admin' ) AND ( `password` = 'admin' ) LIMIT 1   [ RunTime:0.000240s ]
NOTIC: [8] Use of undefined constant ture - assumed 'ture' D:\wamp\www\lf\Application\Admin\Controller\LoginController.class.php 第 28 行.

[ 2015-05-16T14:43:44+08:00 ] 127.0.0.1 /lf/admin/login/login.html
INFO: [ app_init ] --START--
INFO: Run Behavior\BuildLiteBehavior [ RunTime:0.000020s ]
INFO: [ app_init ] --END-- [ RunTime:0.000430s ]
INFO: [ app_begin ] --START--
INFO: Run Behavior\ReadHtmlCacheBehavior [ RunTime:0.000772s ]
INFO: [ app_begin ] --END-- [ RunTime:0.000879s ]
SQL: SHOW COLUMNS FROM `cms_user` [ RunTime:0.003429s ]
SQL: SELECT `uid` FROM `cms_user` WHERE ( `user_name` = 'admin' ) AND ( `password` = 'admin' ) LIMIT 1   [ RunTime:0.000237s ]
NOTIC: [8] Use of undefined constant ture - assumed 'ture' D:\wamp\www\lf\Application\Admin\Controller\LoginController.class.php 第 28 行.

[ 2015-05-16T14:43:46+08:00 ] 127.0.0.1 /lf/admin/login.html
INFO: [ app_init ] --START--
INFO: Run Behavior\BuildLiteBehavior [ RunTime:0.000022s ]
INFO: [ app_init ] --END-- [ RunTime:0.000432s ]
INFO: [ app_begin ] --START--
INFO: Run Behavior\ReadHtmlCacheBehavior [ RunTime:0.000823s ]
INFO: [ app_begin ] --END-- [ RunTime:0.000926s ]
INFO: [ view_parse ] --START--
INFO: [ template_filter ] --START--
INFO: Run Behavior\ContentReplaceBehavior [ RunTime:0.000105s ]
INFO: [ template_filter ] --END-- [ RunTime:0.000247s ]
INFO: Run Behavior\ParseTemplateBehavior [ RunTime:0.007896s ]
INFO: [ view_parse ] --END-- [ RunTime:0.008006s ]
INFO: [ view_filter ] --START--
INFO: Run Behavior\WriteHtmlCacheBehavior [ RunTime:0.000679s ]
INFO: [ view_filter ] --END-- [ RunTime:0.000768s ]
INFO: [ app_end ] --START--
INFO: Run Behavior\ShowPageTraceBehavior [ RunTime:0.000898s ]
INFO: [ app_end ] --END-- [ RunTime:0.000985s ]

[ 2015-05-16T14:44:12+08:00 ] 127.0.0.1 /lf/admin/login.html
INFO: [ app_init ] --START--
INFO: Run Behavior\BuildLiteBehavior [ RunTime:0.000021s ]
INFO: [ app_init ] --END-- [ RunTime:0.000429s ]
INFO: [ app_begin ] --START--
INFO: Run Behavior\ReadHtmlCacheBehavior [ RunTime:0.000816s ]
INFO: [ app_begin ] --END-- [ RunTime:0.000919s ]
INFO: [ view_parse ] --START--
INFO: [ template_filter ] --START--
INFO: Run Behavior\ContentReplaceBehavior [ RunTime:0.000085s ]
INFO: [ template_filter ] --END-- [ RunTime:0.000206s ]
INFO: Run Behavior\ParseTemplateBehavior [ RunTime:0.007731s ]
INFO: [ view_parse ] --END-- [ RunTime:0.007866s ]
INFO: [ view_filter ] --START--
INFO: Run Behavior\WriteHtmlCacheBehavior [ RunTime:0.000680s ]
INFO: [ view_filter ] --END-- [ RunTime:0.000764s ]
INFO: [ app_end ] --START--
INFO: Run Behavior\ShowPageTraceBehavior [ RunTime:0.000904s ]
INFO: [ app_end ] --END-- [ RunTime:0.000995s ]

[ 2015-05-16T14:44:22+08:00 ] 127.0.0.1 /lf/admin/login/login.html
INFO: [ app_init ] --START--
INFO: Run Behavior\BuildLiteBehavior [ RunTime:0.000020s ]
INFO: [ app_init ] --END-- [ RunTime:0.000423s ]
INFO: [ app_begin ] --START--
INFO: Run Behavior\ReadHtmlCacheBehavior [ RunTime:0.001234s ]
INFO: [ app_begin ] --END-- [ RunTime:0.001358s ]
SQL: SHOW COLUMNS FROM `cms_user` [ RunTime:0.003304s ]
SQL: SELECT `uid` FROM `cms_user` WHERE ( `user_name` = 'admin' ) AND ( `password` = 'admin' ) LIMIT 1   [ RunTime:0.000258s ]
NOTIC: [8] Use of undefined constant ture - assumed 'ture' D:\wamp\www\lf\Application\Admin\Controller\LoginController.class.php 第 28 行.

[ 2015-05-16T14:44:29+08:00 ] 127.0.0.1 /lf/admin/login/login.html
INFO: [ app_init ] --START--
INFO: Run Behavior\BuildLiteBehavior [ RunTime:0.000035s ]
INFO: [ app_init ] --END-- [ RunTime:0.000494s ]
INFO: [ app_begin ] --START--
INFO: Run Behavior\ReadHtmlCacheBehavior [ RunTime:0.000916s ]
INFO: [ app_begin ] --END-- [ RunTime:0.001044s ]
SQL: SHOW COLUMNS FROM `cms_user` [ RunTime:0.004195s ]
SQL: SELECT `uid` FROM `cms_user` WHERE ( `user_name` = 'admin' ) AND ( `password` = 'admin' ) LIMIT 1   [ RunTime:0.000257s ]
NOTIC: [8] Use of undefined constant ture - assumed 'ture' D:\wamp\www\lf\Application\Admin\Controller\LoginController.class.php 第 28 行.

[ 2015-05-16T14:57:30+08:00 ] 127.0.0.1 /lf/admin/login.html
INFO: [ app_init ] --START--
INFO: Run Behavior\BuildLiteBehavior [ RunTime:0.000030s ]
INFO: [ app_init ] --END-- [ RunTime:0.000495s ]
INFO: [ app_begin ] --START--
INFO: Run Behavior\ReadHtmlCacheBehavior [ RunTime:0.001064s ]
INFO: [ app_begin ] --END-- [ RunTime:0.001220s ]
INFO: [ view_parse ] --START--
INFO: [ template_filter ] --START--
INFO: Run Behavior\ContentReplaceBehavior [ RunTime:0.000086s ]
INFO: [ template_filter ] --END-- [ RunTime:0.000212s ]
INFO: Run Behavior\ParseTemplateBehavior [ RunTime:0.007806s ]
INFO: [ view_parse ] --END-- [ RunTime:0.007927s ]
INFO: [ view_filter ] --START--
INFO: Run Behavior\WriteHtmlCacheBehavior [ RunTime:0.000764s ]
INFO: [ view_filter ] --END-- [ RunTime:0.000865s ]
INFO: [ app_end ] --START--
INFO: Run Behavior\ShowPageTraceBehavior [ RunTime:0.002273s ]
INFO: [ app_end ] --END-- [ RunTime:0.002386s ]

[ 2015-05-16T14:57:39+08:00 ] 127.0.0.1 /lf/admin/login/login.html
INFO: [ app_init ] --START--
INFO: Run Behavior\BuildLiteBehavior [ RunTime:0.000023s ]
INFO: [ app_init ] --END-- [ RunTime:0.000498s ]
INFO: [ app_begin ] --START--
INFO: Run Behavior\ReadHtmlCacheBehavior [ RunTime:0.001009s ]
INFO: [ app_begin ] --END-- [ RunTime:0.001159s ]
SQL: SHOW COLUMNS FROM `cms_user` [ RunTime:0.003492s ]
SQL: SELECT `uid` FROM `cms_user` WHERE ( `user_name` = 'admin' ) AND ( `password` = 'admin' ) LIMIT 1   [ RunTime:0.000293s ]
NOTIC: [8] Use of undefined constant ture - assumed 'ture' D:\wamp\www\lf\Application\Admin\Controller\LoginController.class.php 第 28 行.

[ 2015-05-16T14:58:33+08:00 ] 127.0.0.1 /lf/admin/login/login.html
INFO: [ app_init ] --START--
INFO: Run Behavior\BuildLiteBehavior [ RunTime:0.000041s ]
INFO: [ app_init ] --END-- [ RunTime:0.000613s ]
INFO: [ app_begin ] --START--
INFO: Run Behavior\ReadHtmlCacheBehavior [ RunTime:0.000895s ]
INFO: [ app_begin ] --END-- [ RunTime:0.000995s ]
SQL: SHOW COLUMNS FROM `cms_user` [ RunTime:0.003179s ]
SQL: SELECT `uid` FROM `cms_user` WHERE ( `user_name` = 'admin' ) AND ( `password` = 'admin' ) LIMIT 1   [ RunTime:0.000272s ]
NOTIC: [8] Use of undefined constant ture - assumed 'ture' D:\wamp\www\lf\Application\Admin\Controller\LoginController.class.php 第 28 行.

[ 2015-05-16T14:58:51+08:00 ] 127.0.0.1 /lf/Admin/main/index.html
INFO: [ app_init ] --START--
INFO: Run Behavior\BuildLiteBehavior [ RunTime:0.000024s ]
INFO: [ app_init ] --END-- [ RunTime:0.000463s ]
INFO: [ app_begin ] --START--
INFO: Run Behavior\ReadHtmlCacheBehavior [ RunTime:0.000893s ]
INFO: [ app_begin ] --END-- [ RunTime:0.001141s ]
INFO: [ view_parse ] --START--
INFO: [ template_filter ] --START--
INFO: Run Behavior\ContentReplaceBehavior [ RunTime:0.000087s ]
INFO: [ template_filter ] --END-- [ RunTime:0.000182s ]
NOTIC: [8] Use of undefined constant active - assumed 'active' D:\wamp\www\lf\Application\Runtime\Cache\Admin\ceb25a752d454a3315706634952427db.php 第 31 行.
NOTIC: [8] Undefined variable: this_menu_c D:\wamp\www\lf\Application\Runtime\Cache\Admin\ceb25a752d454a3315706634952427db.php 第 54 行.
NOTIC: [8] Undefined variable: this_menu_c D:\wamp\www\lf\Application\Runtime\Cache\Admin\ceb25a752d454a3315706634952427db.php 第 55 行.
NOTIC: [8] Undefined variable: this_menu_c D:\wamp\www\lf\Application\Runtime\Cache\Admin\ceb25a752d454a3315706634952427db.php 第 56 行.
NOTIC: [8] Undefined variable: this_menu_c D:\wamp\www\lf\Application\Runtime\Cache\Admin\ceb25a752d454a3315706634952427db.php 第 58 行.
NOTIC: [8] Undefined variable: this_menu_c D:\wamp\www\lf\Application\Runtime\Cache\Admin\ceb25a752d454a3315706634952427db.php 第 59 行.
NOTIC: [8] Undefined variable: this_menu_c D:\wamp\www\lf\Application\Runtime\Cache\Admin\ceb25a752d454a3315706634952427db.php 第 60 行.
INFO: Run Behavior\ParseTemplateBehavior [ RunTime:0.243560s ]
INFO: [ view_parse ] --END-- [ RunTime:0.243660s ]
INFO: [ view_filter ] --START--
INFO: Run Behavior\WriteHtmlCacheBehavior [ RunTime:0.000691s ]
INFO: [ view_filter ] --END-- [ RunTime:0.000780s ]
INFO: [ app_end ] --START--
INFO: Run Behavior\ShowPageTraceBehavior [ RunTime:0.000844s ]
INFO: [ app_end ] --END-- [ RunTime:0.000924s ]

[ 2015-05-16T14:59:09+08:00 ] 127.0.0.1 /lf/Admin/main/index.html
INFO: [ app_init ] --START--
INFO: Run Behavior\BuildLiteBehavior [ RunTime:0.000027s ]
INFO: [ app_init ] --END-- [ RunTime:0.000487s ]
INFO: [ app_begin ] --START--
INFO: Run Behavior\ReadHtmlCacheBehavior [ RunTime:0.000928s ]
INFO: [ app_begin ] --END-- [ RunTime:0.001052s ]
INFO: [ view_parse ] --START--
INFO: [ template_filter ] --START--
INFO: Run Behavior\ContentReplaceBehavior [ RunTime:0.000092s ]
INFO: [ template_filter ] --END-- [ RunTime:0.000195s ]
NOTIC: [8] Use of undefined constant active - assumed 'active' D:\wamp\www\lf\Application\Runtime\Cache\Admin\ceb25a752d454a3315706634952427db.php 第 31 行.
NOTIC: [8] Undefined variable: this_menu_c D:\wamp\www\lf\Application\Runtime\Cache\Admin\ceb25a752d454a3315706634952427db.php 第 54 行.
NOTIC: [8] Undefined variable: this_menu_c D:\wamp\www\lf\Application\Runtime\Cache\Admin\ceb25a752d454a3315706634952427db.php 第 55 行.
NOTIC: [8] Undefined variable: this_menu_c D:\wamp\www\lf\Application\Runtime\Cache\Admin\ceb25a752d454a3315706634952427db.php 第 56 行.
NOTIC: [8] Undefined variable: this_menu_c D:\wamp\www\lf\Application\Runtime\Cache\Admin\ceb25a752d454a3315706634952427db.php 第 58 行.
NOTIC: [8] Undefined variable: this_menu_c D:\wamp\www\lf\Application\Runtime\Cache\Admin\ceb25a752d454a3315706634952427db.php 第 59 行.
NOTIC: [8] Undefined variable: this_menu_c D:\wamp\www\lf\Application\Runtime\Cache\Admin\ceb25a752d454a3315706634952427db.php 第 60 行.
INFO: Run Behavior\ParseTemplateBehavior [ RunTime:0.012099s ]
INFO: [ view_parse ] --END-- [ RunTime:0.012251s ]
INFO: [ view_filter ] --START--
INFO: Run Behavior\WriteHtmlCacheBehavior [ RunTime:0.000804s ]
INFO: [ view_filter ] --END-- [ RunTime:0.000897s ]
INFO: [ app_end ] --START--
INFO: Run Behavior\ShowPageTraceBehavior [ RunTime:0.000886s ]
INFO: [ app_end ] --END-- [ RunTime:0.000975s ]

[ 2015-05-16T14:59:10+08:00 ] 127.0.0.1 /lf/Admin/main/index.html
INFO: [ app_init ] --START--
INFO: Run Behavior\BuildLiteBehavior [ RunTime:0.000024s ]
INFO: [ app_init ] --END-- [ RunTime:0.000520s ]
INFO: [ app_begin ] --START--
INFO: Run Behavior\ReadHtmlCacheBehavior [ RunTime:0.001030s ]
INFO: [ app_begin ] --END-- [ RunTime:0.001163s ]
INFO: [ view_parse ] --START--
INFO: [ template_filter ] --START--
INFO: Run Behavior\ContentReplaceBehavior [ RunTime:0.000097s ]
INFO: [ template_filter ] --END-- [ RunTime:0.000200s ]
NOTIC: [8] Use of undefined constant active - assumed 'active' D:\wamp\www\lf\Application\Runtime\Cache\Admin\ceb25a752d454a3315706634952427db.php 第 31 行.
NOTIC: [8] Undefined variable: this_menu_c D:\wamp\www\lf\Application\Runtime\Cache\Admin\ceb25a752d454a3315706634952427db.php 第 54 行.
NOTIC: [8] Undefined variable: this_menu_c D:\wamp\www\lf\Application\Runtime\Cache\Admin\ceb25a752d454a3315706634952427db.php 第 55 行.
NOTIC: [8] Undefined variable: this_menu_c D:\wamp\www\lf\Application\Runtime\Cache\Admin\ceb25a752d454a3315706634952427db.php 第 56 行.
NOTIC: [8] Undefined variable: this_menu_c D:\wamp\www\lf\Application\Runtime\Cache\Admin\ceb25a752d454a3315706634952427db.php 第 58 行.
NOTIC: [8] Undefined variable: this_menu_c D:\wamp\www\lf\Application\Runtime\Cache\Admin\ceb25a752d454a3315706634952427db.php 第 59 行.
NOTIC: [8] Undefined variable: this_menu_c D:\wamp\www\lf\Application\Runtime\Cache\Admin\ceb25a752d454a3315706634952427db.php 第 60 行.
INFO: Run Behavior\ParseTemplateBehavior [ RunTime:0.012945s ]
INFO: [ view_parse ] --END-- [ RunTime:0.013058s ]
INFO: [ view_filter ] --START--
INFO: Run Behavior\WriteHtmlCacheBehavior [ RunTime:0.000801s ]
INFO: [ view_filter ] --END-- [ RunTime:0.000902s ]
INFO: [ app_end ] --START--
INFO: Run Behavior\ShowPageTraceBehavior [ RunTime:0.001244s ]
INFO: [ app_end ] --END-- [ RunTime:0.001334s ]

[ 2015-05-16T14:59:11+08:00 ] 127.0.0.1 /lf/Admin/Main/content.html
INFO: [ app_init ] --START--
INFO: Run Behavior\BuildLiteBehavior [ RunTime:0.000023s ]
INFO: [ app_init ] --END-- [ RunTime:0.000555s ]
INFO: [ app_begin ] --START--
INFO: Run Behavior\ReadHtmlCacheBehavior [ RunTime:0.000819s ]
INFO: [ app_begin ] --END-- [ RunTime:0.000919s ]
ERR: 非法操作:content

[ 2015-05-16T14:59:42+08:00 ] 127.0.0.1 /lf/Admin/Main/content.html
INFO: [ app_init ] --START--
INFO: Run Behavior\BuildLiteBehavior [ RunTime:0.000033s ]
INFO: [ app_init ] --END-- [ RunTime:0.000719s ]
INFO: [ app_begin ] --START--
INFO: Run Behavior\ReadHtmlCacheBehavior [ RunTime:0.001726s ]
INFO: [ app_begin ] --END-- [ RunTime:0.001902s ]
ERR: 非法操作:content

[ 2015-05-16T14:59:45+08:00 ] 127.0.0.1 /lf/Admin/Main/
INFO: [ app_init ] --START--
INFO: Run Behavior\BuildLiteBehavior [ RunTime:0.000032s ]
INFO: [ app_init ] --END-- [ RunTime:0.000828s ]
INFO: [ app_begin ] --START--
INFO: Run Behavior\ReadHtmlCacheBehavior [ RunTime:0.001405s ]
INFO: [ app_begin ] --END-- [ RunTime:0.001575s ]
INFO: [ view_parse ] --START--
INFO: [ template_filter ] --START--
INFO: Run Behavior\ContentReplaceBehavior [ RunTime:0.000149s ]
INFO: [ template_filter ] --END-- [ RunTime:0.000301s ]
NOTIC: [8] Use of undefined constant active - assumed 'active' D:\wamp\www\lf\Application\Runtime\Cache\Admin\ceb25a752d454a3315706634952427db.php 第 31 行.
NOTIC: [8] Undefined variable: this_menu_c D:\wamp\www\lf\Application\Runtime\Cache\Admin\ceb25a752d454a3315706634952427db.php 第 54 行.
NOTIC: [8] Undefined variable: this_menu_c D:\wamp\www\lf\Application\Runtime\Cache\Admin\ceb25a752d454a3315706634952427db.php 第 55 行.
NOTIC: [8] Undefined variable: this_menu_c D:\wamp\www\lf\Application\Runtime\Cache\Admin\ceb25a752d454a3315706634952427db.php 第 56 行.
NOTIC: [8] Undefined variable: this_menu_c D:\wamp\www\lf\Application\Runtime\Cache\Admin\ceb25a752d454a3315706634952427db.php 第 58 行.
NOTIC: [8] Undefined variable: this_menu_c D:\wamp\www\lf\Application\Runtime\Cache\Admin\ceb25a752d454a3315706634952427db.php 第 59 行.
NOTIC: [8] Undefined variable: this_menu_c D:\wamp\www\lf\Application\Runtime\Cache\Admin\ceb25a752d454a3315706634952427db.php 第 60 行.
INFO: Run Behavior\ParseTemplateBehavior [ RunTime:0.019573s ]
INFO: [ view_parse ] --END-- [ RunTime:0.019734s ]
INFO: [ view_filter ] --START--
INFO: Run Behavior\WriteHtmlCacheBehavior [ RunTime:0.001145s ]
INFO: [ view_filter ] --END-- [ RunTime:0.001280s ]
INFO: [ app_end ] --START--
INFO: Run Behavior\ShowPageTraceBehavior [ RunTime:0.001404s ]
INFO: [ app_end ] --END-- [ RunTime:0.001547s ]

[ 2015-05-16T14:59:47+08:00 ] 127.0.0.1 /lf/Admin/system/index.html
INFO: [ app_init ] --START--
INFO: Run Behavior\BuildLiteBehavior [ RunTime:0.000022s ]
INFO: [ app_init ] --END-- [ RunTime:0.000459s ]
INFO: [ app_begin ] --START--
INFO: Run Behavior\ReadHtmlCacheBehavior [ RunTime:0.000963s ]
INFO: [ app_begin ] --END-- [ RunTime:0.001108s ]
INFO: [ view_parse ] --START--
INFO: [ template_filter ] --START--
INFO: Run Behavior\ContentReplaceBehavior [ RunTime:0.000101s ]
INFO: [ template_filter ] --END-- [ RunTime:0.000218s ]
NOTIC: [8] Use of undefined constant active - assumed 'active' D:\wamp\www\lf\Application\Runtime\Cache\Admin\2c2c98dfae62b20ffdb7278df0486bd4.php 第 42 行.
NOTIC: [8] Undefined variable: this_menu_c D:\wamp\www\lf\Application\Runtime\Cache\Admin\2c2c98dfae62b20ffdb7278df0486bd4.php 第 55 行.
NOTIC: [8] Undefined variable: this_menu_c D:\wamp\www\lf\Application\Runtime\Cache\Admin\2c2c98dfae62b20ffdb7278df0486bd4.php 第 56 行.
NOTIC: [8] Undefined variable: this_menu_c D:\wamp\www\lf\Application\Runtime\Cache\Admin\2c2c98dfae62b20ffdb7278df0486bd4.php 第 57 行.
NOTIC: [8] Undefined variable: this_menu_c D:\wamp\www\lf\Application\Runtime\Cache\Admin\2c2c98dfae62b20ffdb7278df0486bd4.php 第 59 行.
NOTIC: [8] Undefined variable: this_menu_c D:\wamp\www\lf\Application\Runtime\Cache\Admin\2c2c98dfae62b20ffdb7278df0486bd4.php 第 60 行.
NOTIC: [8] Undefined variable: this_menu_c D:\wamp\www\lf\Application\Runtime\Cache\Admin\2c2c98dfae62b20ffdb7278df0486bd4.php 第 61 行.
INFO: Run Behavior\ParseTemplateBehavior [ RunTime:0.021115s ]
INFO: [ view_parse ] --END-- [ RunTime:0.021253s ]
INFO: [ view_filter ] --START--
INFO: Run Behavior\WriteHtmlCacheBehavior [ RunTime:0.000683s ]
INFO: [ view_filter ] --END-- [ RunTime:0.000763s ]
INFO: [ app_end ] --START--
INFO: Run Behavior\ShowPageTraceBehavior [ RunTime:0.000827s ]
INFO: [ app_end ] --END-- [ RunTime:0.000936s ]

[ 2015-05-16T14:59:48+08:00 ] 127.0.0.1 /lf/Admin/content/index.html
INFO: [ app_init ] --START--
INFO: Run Behavior\BuildLiteBehavior [ RunTime:0.000022s ]
INFO: [ app_init ] --END-- [ RunTime:0.000455s ]
INFO: [ app_begin ] --START--
INFO: Run Behavior\ReadHtmlCacheBehavior [ RunTime:0.000817s ]
INFO: [ app_begin ] --END-- [ RunTime:0.000921s ]
INFO: [ view_parse ] --START--
INFO: [ template_filter ] --START--
INFO: Run Behavior\ContentReplaceBehavior [ RunTime:0.000094s ]
INFO: [ template_filter ] --END-- [ RunTime:0.000189s ]
NOTIC: [8] Use of undefined constant active - assumed 'active' D:\wamp\www\lf\Application\Runtime\Cache\Admin\ccc9ced3ad798311a07cb47b740981c5.php 第 50 行.
INFO: Run Behavior\ParseTemplateBehavior [ RunTime:0.056230s ]
INFO: [ view_parse ] --END-- [ RunTime:0.056323s ]
INFO: [ view_filter ] --START--
INFO: Run Behavior\WriteHtmlCacheBehavior [ RunTime:0.000663s ]
INFO: [ view_filter ] --END-- [ RunTime:0.000741s ]
INFO: [ app_end ] --START--
INFO: Run Behavior\ShowPageTraceBehavior [ RunTime:0.000843s ]
INFO: [ app_end ] --END-- [ RunTime:0.000926s ]

[ 2015-05-16T14:59:49+08:00 ] 127.0.0.1 /lf/Admin/system/index.html
INFO: [ app_init ] --START--
INFO: Run Behavior\BuildLiteBehavior [ RunTime:0.000020s ]
INFO: [ app_init ] --END-- [ RunTime:0.000417s ]
INFO: [ app_begin ] --START--
INFO: Run Behavior\ReadHtmlCacheBehavior [ RunTime:0.000786s ]
INFO: [ app_begin ] --END-- [ RunTime:0.000882s ]
INFO: [ view_parse ] --START--
INFO: [ template_filter ] --START--
INFO: Run Behavior\ContentReplaceBehavior [ RunTime:0.000089s ]
INFO: [ template_filter ] --END-- [ RunTime:0.000186s ]
NOTIC: [8] Use of undefined constant active - assumed 'active' D:\wamp\www\lf\Application\Runtime\Cache\Admin\2c2c98dfae62b20ffdb7278df0486bd4.php 第 42 行.
NOTIC: [8] Undefined variable: this_menu_c D:\wamp\www\lf\Application\Runtime\Cache\Admin\2c2c98dfae62b20ffdb7278df0486bd4.php 第 55 行.
NOTIC: [8] Undefined variable: this_menu_c D:\wamp\www\lf\Application\Runtime\Cache\Admin\2c2c98dfae62b20ffdb7278df0486bd4.php 第 56 行.
NOTIC: [8] Undefined variable: this_menu_c D:\wamp\www\lf\Application\Runtime\Cache\Admin\2c2c98dfae62b20ffdb7278df0486bd4.php 第 57 行.
NOTIC: [8] Undefined variable: this_menu_c D:\wamp\www\lf\Application\Runtime\Cache\Admin\2c2c98dfae62b20ffdb7278df0486bd4.php 第 59 行.
NOTIC: [8] Undefined variable: this_menu_c D:\wamp\www\lf\Application\Runtime\Cache\Admin\2c2c98dfae62b20ffdb7278df0486bd4.php 第 60 行.
NOTIC: [8] Undefined variable: this_menu_c D:\wamp\www\lf\Application\Runtime\Cache\Admin\2c2c98dfae62b20ffdb7278df0486bd4.php 第 61 行.
INFO: Run Behavior\ParseTemplateBehavior [ RunTime:0.010939s ]
INFO: [ view_parse ] --END-- [ RunTime:0.011029s ]
INFO: [ view_filter ] --START--
INFO: Run Behavior\WriteHtmlCacheBehavior [ RunTime:0.000676s ]
INFO: [ view_filter ] --END-- [ RunTime:0.000760s ]
INFO: [ app_end ] --START--
INFO: Run Behavior\ShowPageTraceBehavior [ RunTime:0.000866s ]
INFO: [ app_end ] --END-- [ RunTime:0.000948s ]

[ 2015-05-16T14:59:50+08:00 ] 127.0.0.1 /lf/Admin/system/index.html
INFO: [ app_init ] --START--
INFO: Run Behavior\BuildLiteBehavior [ RunTime:0.000020s ]
INFO: [ app_init ] --END-- [ RunTime:0.000552s ]
INFO: [ app_begin ] --START--
INFO: Run Behavior\ReadHtmlCacheBehavior [ RunTime:0.000844s ]
INFO: [ app_begin ] --END-- [ RunTime:0.000943s ]
INFO: [ view_parse ] --START--
INFO: [ template_filter ] --START--
INFO: Run Behavior\ContentReplaceBehavior [ RunTime:0.000087s ]
INFO: [ template_filter ] --END-- [ RunTime:0.000180s ]
NOTIC: [8] Use of undefined constant active - assumed 'active' D:\wamp\www\lf\Application\Runtime\Cache\Admin\2c2c98dfae62b20ffdb7278df0486bd4.php 第 42 行.
NOTIC: [8] Undefined variable: this_menu_c D:\wamp\www\lf\Application\Runtime\Cache\Admin\2c2c98dfae62b20ffdb7278df0486bd4.php 第 55 行.
NOTIC: [8] Undefined variable: this_menu_c D:\wamp\www\lf\Application\Runtime\Cache\Admin\2c2c98dfae62b20ffdb7278df0486bd4.php 第 56 行.
NOTIC: [8] Undefined variable: this_menu_c D:\wamp\www\lf\Application\Runtime\Cache\Admin\2c2c98dfae62b20ffdb7278df0486bd4.php 第 57 行.
NOTIC: [8] Undefined variable: this_menu_c D:\wamp\www\lf\Application\Runtime\Cache\Admin\2c2c98dfae62b20ffdb7278df0486bd4.php 第 59 行.
NOTIC: [8] Undefined variable: this_menu_c D:\wamp\www\lf\Application\Runtime\Cache\Admin\2c2c98dfae62b20ffdb7278df0486bd4.php 第 60 行.
NOTIC: [8] Undefined variable: this_menu_c D:\wamp\www\lf\Application\Runtime\Cache\Admin\2c2c98dfae62b20ffdb7278df0486bd4.php 第 61 行.
INFO: Run Behavior\ParseTemplateBehavior [ RunTime:0.011302s ]
INFO: [ view_parse ] --END-- [ RunTime:0.011409s ]
INFO: [ view_filter ] --START--
INFO: Run Behavior\WriteHtmlCacheBehavior [ RunTime:0.000670s ]
INFO: [ view_filter ] --END-- [ RunTime:0.000749s ]
INFO: [ app_end ] --START--
INFO: Run Behavior\ShowPageTraceBehavior [ RunTime:0.000826s ]
INFO: [ app_end ] --END-- [ RunTime:0.000910s ]

[ 2015-05-16T14:59:52+08:00 ] 127.0.0.1 /lf/Admin/system/index.html
INFO: [ app_init ] --START--
INFO: Run Behavior\BuildLiteBehavior [ RunTime:0.000021s ]
INFO: [ app_init ] --END-- [ RunTime:0.000441s ]
INFO: [ app_begin ] --START--
INFO: Run Behavior\ReadHtmlCacheBehavior [ RunTime:0.000777s ]
INFO: [ app_begin ] --END-- [ RunTime:0.000883s ]
INFO: [ view_parse ] --START--
INFO: [ template_filter ] --START--
INFO: Run Behavior\ContentReplaceBehavior [ RunTime:0.000111s ]
INFO: [ template_filter ] --END-- [ RunTime:0.000225s ]
NOTIC: [8] Use of undefined constant active - assumed 'active' D:\wamp\www\lf\Application\Runtime\Cache\Admin\2c2c98dfae62b20ffdb7278df0486bd4.php 第 42 行.
NOTIC: [8] Undefined variable: this_menu_c D:\wamp\www\lf\Application\Runtime\Cache\Admin\2c2c98dfae62b20ffdb7278df0486bd4.php 第 55 行.
NOTIC: [8] Undefined variable: this_menu_c D:\wamp\www\lf\Application\Runtime\Cache\Admin\2c2c98dfae62b20ffdb7278df0486bd4.php 第 56 行.
NOTIC: [8] Undefined variable: this_menu_c D:\wamp\www\lf\Application\Runtime\Cache\Admin\2c2c98dfae62b20ffdb7278df0486bd4.php 第 57 行.
NOTIC: [8] Undefined variable: this_menu_c D:\wamp\www\lf\Application\Runtime\Cache\Admin\2c2c98dfae62b20ffdb7278df0486bd4.php 第 59 行.
NOTIC: [8] Undefined variable: this_menu_c D:\wamp\www\lf\Application\Runtime\Cache\Admin\2c2c98dfae62b20ffdb7278df0486bd4.php 第 60 行.
NOTIC: [8] Undefined variable: this_menu_c D:\wamp\www\lf\Application\Runtime\Cache\Admin\2c2c98dfae62b20ffdb7278df0486bd4.php 第 61 行.
INFO: Run Behavior\ParseTemplateBehavior [ RunTime:0.011327s ]
INFO: [ view_parse ] --END-- [ RunTime:0.011420s ]
INFO: [ view_filter ] --START--
INFO: Run Behavior\WriteHtmlCacheBehavior [ RunTime:0.000670s ]
INFO: [ view_filter ] --END-- [ RunTime:0.000748s ]
INFO: [ app_end ] --START--
INFO: Run Behavior\ShowPageTraceBehavior [ RunTime:0.000887s ]
INFO: [ app_end ] --END-- [ RunTime:0.000973s ]

[ 2015-05-16T14:59:53+08:00 ] 127.0.0.1 /lf/Admin/content/index.html
INFO: [ app_init ] --START--
INFO: Run Behavior\BuildLiteBehavior [ RunTime:0.000021s ]
INFO: [ app_init ] --END-- [ RunTime:0.000546s ]
INFO: [ app_begin ] --START--
INFO: Run Behavior\ReadHtmlCacheBehavior [ RunTime:0.000807s ]
INFO: [ app_begin ] --END-- [ RunTime:0.000903s ]
INFO: [ view_parse ] --START--
INFO: [ template_filter ] --START--
INFO: Run Behavior\ContentReplaceBehavior [ RunTime:0.000094s ]
INFO: [ template_filter ] --END-- [ RunTime:0.000188s ]
NOTIC: [8] Use of undefined constant active - assumed 'active' D:\wamp\www\lf\Application\Runtime\Cache\Admin\ccc9ced3ad798311a07cb47b740981c5.php 第 50 行.
INFO: Run Behavior\ParseTemplateBehavior [ RunTime:0.011743s ]
INFO: [ view_parse ] --END-- [ RunTime:0.011842s ]
INFO: [ view_filter ] --START--
INFO: Run Behavior\WriteHtmlCacheBehavior [ RunTime:0.000682s ]
INFO: [ view_filter ] --END-- [ RunTime:0.000769s ]
INFO: [ app_end ] --START--
INFO: Run Behavior\ShowPageTraceBehavior [ RunTime:0.000856s ]
INFO: [ app_end ] --END-- [ RunTime:0.000938s ]

[ 2015-05-16T14:59:54+08:00 ] 127.0.0.1 /lf/Admin/content/index.html
INFO: [ app_init ] --START--
INFO: Run Behavior\BuildLiteBehavior [ RunTime:0.000020s ]
INFO: [ app_init ] --END-- [ RunTime:0.000481s ]
INFO: [ app_begin ] --START--
INFO: Run Behavior\ReadHtmlCacheBehavior [ RunTime:0.000800s ]
INFO: [ app_begin ] --END-- [ RunTime:0.000912s ]
INFO: [ view_parse ] --START--
INFO: [ template_filter ] --START--
INFO: Run Behavior\ContentReplaceBehavior [ RunTime:0.000092s ]
INFO: [ template_filter ] --END-- [ RunTime:0.000184s ]
NOTIC: [8] Use of undefined constant active - assumed 'active' D:\wamp\www\lf\Application\Runtime\Cache\Admin\ccc9ced3ad798311a07cb47b740981c5.php 第 50 行.
INFO: Run Behavior\ParseTemplateBehavior [ RunTime:0.012659s ]
INFO: [ view_parse ] --END-- [ RunTime:0.012752s ]
INFO: [ view_filter ] --START--
INFO: Run Behavior\WriteHtmlCacheBehavior [ RunTime:0.000674s ]
INFO: [ view_filter ] --END-- [ RunTime:0.000751s ]
INFO: [ app_end ] --START--
INFO: Run Behavior\ShowPageTraceBehavior [ RunTime:0.000974s ]
INFO: [ app_end ] --END-- [ RunTime:0.001058s ]

[ 2015-05-16T14:59:56+08:00 ] 127.0.0.1 /lf/Admin/system/index.html
INFO: [ app_init ] --START--
INFO: Run Behavior\BuildLiteBehavior [ RunTime:0.000034s ]
INFO: [ app_init ] --END-- [ RunTime:0.000499s ]
INFO: [ app_begin ] --START--
INFO: Run Behavior\ReadHtmlCacheBehavior [ RunTime:0.000803s ]
INFO: [ app_begin ] --END-- [ RunTime:0.000905s ]
INFO: [ view_parse ] --START--
INFO: [ template_filter ] --START--
INFO: Run Behavior\ContentReplaceBehavior [ RunTime:0.000090s ]
INFO: [ template_filter ] --END-- [ RunTime:0.000186s ]
NOTIC: [8] Use of undefined constant active - assumed 'active' D:\wamp\www\lf\Application\Runtime\Cache\Admin\2c2c98dfae62b20ffdb7278df0486bd4.php 第 42 行.
NOTIC: [8] Undefined variable: this_menu_c D:\wamp\www\lf\Application\Runtime\Cache\Admin\2c2c98dfae62b20ffdb7278df0486bd4.php 第 55 行.
NOTIC: [8] Undefined variable: this_menu_c D:\wamp\www\lf\Application\Runtime\Cache\Admin\2c2c98dfae62b20ffdb7278df0486bd4.php 第 56 行.
NOTIC: [8] Undefined variable: this_menu_c D:\wamp\www\lf\Application\Runtime\Cache\Admin\2c2c98dfae62b20ffdb7278df0486bd4.php 第 57 行.
NOTIC: [8] Undefined variable: this_menu_c D:\wamp\www\lf\Application\Runtime\Cache\Admin\2c2c98dfae62b20ffdb7278df0486bd4.php 第 59 行.
NOTIC: [8] Undefined variable: this_menu_c D:\wamp\www\lf\Application\Runtime\Cache\Admin\2c2c98dfae62b20ffdb7278df0486bd4.php 第 60 行.
NOTIC: [8] Undefined variable: this_menu_c D:\wamp\www\lf\Application\Runtime\Cache\Admin\2c2c98dfae62b20ffdb7278df0486bd4.php 第 61 行.
INFO: Run Behavior\ParseTemplateBehavior [ RunTime:0.011395s ]
INFO: [ view_parse ] --END-- [ RunTime:0.011488s ]
INFO: [ view_filter ] --START--
INFO: Run Behavior\WriteHtmlCacheBehavior [ RunTime:0.000715s ]
INFO: [ view_filter ] --END-- [ RunTime:0.000794s ]
INFO: [ app_end ] --START--
INFO: Run Behavior\ShowPageTraceBehavior [ RunTime:0.000818s ]
INFO: [ app_end ] --END-- [ RunTime:0.000900s ]

[ 2015-05-16T14:59:58+08:00 ] 127.0.0.1 /lf/Admin/content/index.html
INFO: [ app_init ] --START--
INFO: Run Behavior\BuildLiteBehavior [ RunTime:0.000022s ]
INFO: [ app_init ] --END-- [ RunTime:0.000433s ]
INFO: [ app_begin ] --START--
INFO: Run Behavior\ReadHtmlCacheBehavior [ RunTime:0.001045s ]
INFO: [ app_begin ] --END-- [ RunTime:0.001173s ]
INFO: [ view_parse ] --START--
INFO: [ template_filter ] --START--
INFO: Run Behavior\ContentReplaceBehavior [ RunTime:0.000089s ]
INFO: [ template_filter ] --END-- [ RunTime:0.000175s ]
NOTIC: [8] Use of undefined constant active - assumed 'active' D:\wamp\www\lf\Application\Runtime\Cache\Admin\ccc9ced3ad798311a07cb47b740981c5.php 第 50 行.
INFO: Run Behavior\ParseTemplateBehavior [ RunTime:0.011845s ]
INFO: [ view_parse ] --END-- [ RunTime:0.011944s ]
INFO: [ view_filter ] --START--
INFO: Run Behavior\WriteHtmlCacheBehavior [ RunTime:0.000852s ]
INFO: [ view_filter ] --END-- [ RunTime:0.000935s ]
INFO: [ app_end ] --START--
INFO: Run Behavior\ShowPageTraceBehavior [ RunTime:0.001069s ]
INFO: [ app_end ] --END-- [ RunTime:0.001162s ]

[ 2015-05-16T15:00:00+08:00 ] 127.0.0.1 /lf/Admin/content/index.html
INFO: [ app_init ] --START--
INFO: Run Behavior\BuildLiteBehavior [ RunTime:0.000020s ]
INFO: [ app_init ] --END-- [ RunTime:0.000425s ]
INFO: [ app_begin ] --START--
INFO: Run Behavior\ReadHtmlCacheBehavior [ RunTime:0.000799s ]
INFO: [ app_begin ] --END-- [ RunTime:0.000898s ]
INFO: [ view_parse ] --START--
INFO: [ template_filter ] --START--
INFO: Run Behavior\ContentReplaceBehavior [ RunTime:0.000106s ]
INFO: [ template_filter ] --END-- [ RunTime:0.000214s ]
NOTIC: [8] Use of undefined constant active - assumed 'active' D:\wamp\www\lf\Application\Runtime\Cache\Admin\ccc9ced3ad798311a07cb47b740981c5.php 第 50 行.
INFO: Run Behavior\ParseTemplateBehavior [ RunTime:0.012207s ]
INFO: [ view_parse ] --END-- [ RunTime:0.012297s ]
INFO: [ view_filter ] --START--
INFO: Run Behavior\WriteHtmlCacheBehavior [ RunTime:0.000833s ]
INFO: [ view_filter ] --END-- [ RunTime:0.000914s ]
INFO: [ app_end ] --START--
INFO: Run Behavior\ShowPageTraceBehavior [ RunTime:0.000831s ]
INFO: [ app_end ] --END-- [ RunTime:0.000912s ]

[ 2015-05-16T15:00:06+08:00 ] 127.0.0.1 /lf/Admin/content/index.html
INFO: [ app_init ] --START--
INFO: Run Behavior\BuildLiteBehavior [ RunTime:0.000020s ]
INFO: [ app_init ] --END-- [ RunTime:0.000476s ]
INFO: [ app_begin ] --START--
INFO: Run Behavior\ReadHtmlCacheBehavior [ RunTime:0.000909s ]
INFO: [ app_begin ] --END-- [ RunTime:0.001015s ]
INFO: [ view_parse ] --START--
INFO: [ template_filter ] --START--
INFO: Run Behavior\ContentReplaceBehavior [ RunTime:0.000091s ]
INFO: [ template_filter ] --END-- [ RunTime:0.000185s ]
NOTIC: [8] Use of undefined constant active - assumed 'active' D:\wamp\www\lf\Application\Runtime\Cache\Admin\ccc9ced3ad798311a07cb47b740981c5.php 第 50 行.
INFO: Run Behavior\ParseTemplateBehavior [ RunTime:0.011944s ]
INFO: [ view_parse ] --END-- [ RunTime:0.012032s ]
INFO: [ view_filter ] --START--
INFO: Run Behavior\WriteHtmlCacheBehavior [ RunTime:0.000638s ]
INFO: [ view_filter ] --END-- [ RunTime:0.000731s ]
INFO: [ app_end ] --START--
INFO: Run Behavior\ShowPageTraceBehavior [ RunTime:0.000824s ]
INFO: [ app_end ] --END-- [ RunTime:0.000903s ]

[ 2015-05-16T15:00:06+08:00 ] 127.0.0.1 /lf/Admin/content/article_classify.html
INFO: [ app_init ] --START--
INFO: Run Behavior\BuildLiteBehavior [ RunTime:0.000021s ]
INFO: [ app_init ] --END-- [ RunTime:0.000421s ]
INFO: [ app_begin ] --START--
INFO: Run Behavior\ReadHtmlCacheBehavior [ RunTime:0.000789s ]
INFO: [ app_begin ] --END-- [ RunTime:0.000887s ]
SQL: SHOW COLUMNS FROM `cms_article_category` [ RunTime:0.027892s ]
SQL: SELECT * FROM `cms_article_category` WHERE ( `delete` = 0 ) AND ( `status` = 1 ) ORDER BY pid asc,sort asc  [ RunTime:0.008968s ]
INFO: [ view_parse ] --START--
INFO: [ template_filter ] --START--
INFO: Run Behavior\ContentReplaceBehavior [ RunTime:0.000094s ]
INFO: [ template_filter ] --END-- [ RunTime:0.000183s ]
NOTIC: [8] Use of undefined constant active - assumed 'active' D:\wamp\www\lf\Application\Runtime\Cache\Admin\1dbc3e043fcb634a19a869d97d9692ed.php 第 51 行.
INFO: Run Behavior\ParseTemplateBehavior [ RunTime:0.013204s ]
INFO: [ view_parse ] --END-- [ RunTime:0.013298s ]
INFO: [ view_filter ] --START--
INFO: Run Behavior\WriteHtmlCacheBehavior [ RunTime:0.000659s ]
INFO: [ view_filter ] --END-- [ RunTime:0.000737s ]
INFO: [ app_end ] --START--
INFO: Run Behavior\ShowPageTraceBehavior [ RunTime:0.000876s ]
INFO: [ app_end ] --END-- [ RunTime:0.000961s ]

[ 2015-05-16T15:00:11+08:00 ] 127.0.0.1 /lf/Admin/content/index.html
INFO: [ app_init ] --START--
INFO: Run Behavior\BuildLiteBehavior [ RunTime:0.000041s ]
INFO: [ app_init ] --END-- [ RunTime:0.000904s ]
INFO: [ app_begin ] --START--
INFO: Run Behavior\ReadHtmlCacheBehavior [ RunTime:0.002088s ]
INFO: [ app_begin ] --END-- [ RunTime:0.002306s ]
INFO: [ view_parse ] --START--
INFO: [ template_filter ] --START--
INFO: Run Behavior\ContentReplaceBehavior [ RunTime:0.000105s ]
INFO: [ template_filter ] --END-- [ RunTime:0.000215s ]
NOTIC: [8] Use of undefined constant active - assumed 'active' D:\wamp\www\lf\Application\Runtime\Cache\Admin\ccc9ced3ad798311a07cb47b740981c5.php 第 50 行.
INFO: Run Behavior\ParseTemplateBehavior [ RunTime:0.013391s ]
INFO: [ view_parse ] --END-- [ RunTime:0.013498s ]
INFO: [ view_filter ] --START--
INFO: Run Behavior\WriteHtmlCacheBehavior [ RunTime:0.000709s ]
INFO: [ view_filter ] --END-- [ RunTime:0.000803s ]
INFO: [ app_end ] --START--
INFO: Run Behavior\ShowPageTraceBehavior [ RunTime:0.001019s ]
INFO: [ app_end ] --END-- [ RunTime:0.001112s ]

[ 2015-05-16T15:00:11+08:00 ] 127.0.0.1 /lf/Admin/content/add_content.html
INFO: [ app_init ] --START--
INFO: Run Behavior\BuildLiteBehavior [ RunTime:0.000030s ]
INFO: [ app_init ] --END-- [ RunTime:0.000629s ]
INFO: [ app_begin ] --START--
INFO: Run Behavior\ReadHtmlCacheBehavior [ RunTime:0.001273s ]
INFO: [ app_begin ] --END-- [ RunTime:0.001434s ]
INFO: [ view_parse ] --START--
INFO: [ template_filter ] --START--
INFO: Run Behavior\ContentReplaceBehavior [ RunTime:0.000186s ]
INFO: [ template_filter ] --END-- [ RunTime:0.000328s ]
NOTIC: [8] Use of undefined constant active - assumed 'active' D:\wamp\www\lf\Application\Runtime\Cache\Admin\cd778c99350ac29b4ade9bbcc5a2324d.php 第 57 行.
INFO: Run Behavior\ParseTemplateBehavior [ RunTime:0.033601s ]
INFO: [ view_parse ] --END-- [ RunTime:0.033744s ]
INFO: [ view_filter ] --START--
INFO: Run Behavior\WriteHtmlCacheBehavior [ RunTime:0.000955s ]
INFO: [ view_filter ] --END-- [ RunTime:0.001080s ]
INFO: [ app_end ] --START--
INFO: Run Behavior\ShowPageTraceBehavior [ RunTime:0.001403s ]
INFO: [ app_end ] --END-- [ RunTime:0.001527s ]

[ 2015-05-16T15:00:12+08:00 ] 127.0.0.1 /lf/Admin/Ueditor/Index.html?action=config&&noCache=1431759612056
INFO: [ app_init ] --START--
INFO: Run Behavior\BuildLiteBehavior [ RunTime:0.000020s ]
INFO: [ app_init ] --END-- [ RunTime:0.000462s ]
INFO: [ app_begin ] --START--
INFO: Run Behavior\ReadHtmlCacheBehavior [ RunTime:0.000833s ]
INFO: [ app_begin ] --END-- [ RunTime:0.000930s ]
NOTIC: [8] Undefined index: userid D:\wamp\www\lf\Application\Admin\Controller\UeditorController.class.php 第 18 行.
INFO: [ app_end ] --START--
INFO: Run Behavior\ShowPageTraceBehavior [ RunTime:0.000972s ]
INFO: [ app_end ] --END-- [ RunTime:0.001086s ]

[ 2015-05-16T15:00:15+08:00 ] 127.0.0.1 /lf/Admin/content/index.html
INFO: [ app_init ] --START--
INFO: Run Behavior\BuildLiteBehavior [ RunTime:0.000034s ]
INFO: [ app_init ] --END-- [ RunTime:0.000481s ]
INFO: [ app_begin ] --START--
INFO: Run Behavior\ReadHtmlCacheBehavior [ RunTime:0.000817s ]
INFO: [ app_begin ] --END-- [ RunTime:0.000909s ]
INFO: [ view_parse ] --START--
INFO: [ template_filter ] --START--
INFO: Run Behavior\ContentReplaceBehavior [ RunTime:0.000115s ]
INFO: [ template_filter ] --END-- [ RunTime:0.000246s ]
NOTIC: [8] Use of undefined constant active - assumed 'active' D:\wamp\www\lf\Application\Runtime\Cache\Admin\ccc9ced3ad798311a07cb47b740981c5.php 第 50 行.
INFO: Run Behavior\ParseTemplateBehavior [ RunTime:0.012410s ]
INFO: [ view_parse ] --END-- [ RunTime:0.012517s ]
INFO: [ view_filter ] --START--
INFO: Run Behavior\WriteHtmlCacheBehavior [ RunTime:0.000696s ]
INFO: [ view_filter ] --END-- [ RunTime:0.000776s ]
INFO: [ app_end ] --START--
INFO: Run Behavior\ShowPageTraceBehavior [ RunTime:0.000831s ]
INFO: [ app_end ] --END-- [ RunTime:0.000912s ]

[ 2015-05-16T15:05:46+08:00 ] 127.0.0.1 /lf/Admin/content/index.html
INFO: [ app_init ] --START--
INFO: Run Behavior\BuildLiteBehavior [ RunTime:0.000023s ]
INFO: [ app_init ] --END-- [ RunTime:0.000452s ]
INFO: [ app_begin ] --START--
INFO: Run Behavior\ReadHtmlCacheBehavior [ RunTime:0.000897s ]
INFO: [ app_begin ] --END-- [ RunTime:0.001014s ]
SQL: SHOW COLUMNS FROM `cms_article` [ RunTime:0.003384s ]
ERR: 错误的查询条件:[status=>1]

[ 2015-05-16T15:06:06+08:00 ] 127.0.0.1 /lf/Admin/content/index.html
INFO: [ app_init ] --START--
INFO: Run Behavior\BuildLiteBehavior [ RunTime:0.000024s ]
INFO: [ app_init ] --END-- [ RunTime:0.000490s ]
INFO: [ app_begin ] --START--
INFO: Run Behavior\ReadHtmlCacheBehavior [ RunTime:0.000908s ]
INFO: [ app_begin ] --END-- [ RunTime:0.001019s ]
SQL: SHOW COLUMNS FROM `cms_article` [ RunTime:0.003520s ]
SQL: SELECT * FROM `cms_article` WHERE ( `delete` = 0 ) ORDER BY update_time desc,sort asc LIMIT 0,10   [ RunTime:0.000392s ]
INFO: [ view_parse ] --START--
INFO: [ template_filter ] --START--
INFO: Run Behavior\ContentReplaceBehavior [ RunTime:0.000097s ]
INFO: [ template_filter ] --END-- [ RunTime:0.000193s ]
NOTIC: [8] Use of undefined constant active - assumed 'active' D:\wamp\www\lf\Application\Runtime\Cache\Admin\ccc9ced3ad798311a07cb47b740981c5.php 第 50 行.
INFO: Run Behavior\ParseTemplateBehavior [ RunTime:0.012288s ]
INFO: [ view_parse ] --END-- [ RunTime:0.012386s ]
INFO: [ view_filter ] --START--
INFO: Run Behavior\WriteHtmlCacheBehavior [ RunTime:0.000677s ]
INFO: [ view_filter ] --END-- [ RunTime:0.000760s ]
INFO: [ app_end ] --START--
INFO: Run Behavior\ShowPageTraceBehavior [ RunTime:0.000926s ]
INFO: [ app_end ] --END-- [ RunTime:0.001020s ]

[ 2015-05-16T15:08:26+08:00 ] 127.0.0.1 /lf/Admin/content/index.html
INFO: [ app_init ] --START--
INFO: Run Behavior\BuildLiteBehavior [ RunTime:0.000019s ]
INFO: [ app_init ] --END-- [ RunTime:0.000435s ]
INFO: [ app_begin ] --START--
INFO: Run Behavior\ReadHtmlCacheBehavior [ RunTime:0.001007s ]
INFO: [ app_begin ] --END-- [ RunTime:0.001147s ]
SQL: SHOW COLUMNS FROM `cms_article` [ RunTime:0.003520s ]
SQL: SELECT * FROM `cms_article` WHERE ( `delete` = 0 ) ORDER BY update_time desc,sort asc LIMIT 0,10   [ RunTime:0.000378s ]
INFO: [ view_parse ] --START--
INFO: [ template_filter ] --START--
INFO: Run Behavior\ContentReplaceBehavior [ RunTime:0.000084s ]
INFO: [ template_filter ] --END-- [ RunTime:0.000177s ]
NOTIC: [8] Use of undefined constant active - assumed 'active' D:\wamp\www\lf\Application\Runtime\Cache\Admin\ccc9ced3ad798311a07cb47b740981c5.php 第 50 行.
INFO: Run Behavior\ParseTemplateBehavior [ RunTime:0.011759s ]
INFO: [ view_parse ] --END-- [ RunTime:0.011844s ]
INFO: [ view_filter ] --START--
INFO: Run Behavior\WriteHtmlCacheBehavior [ RunTime:0.000647s ]
INFO: [ view_filter ] --END-- [ RunTime:0.000722s ]
INFO: [ app_end ] --START--
INFO: Run Behavior\ShowPageTraceBehavior [ RunTime:0.000821s ]
INFO: [ app_end ] --END-- [ RunTime:0.000900s ]

[ 2015-05-16T15:10:05+08:00 ] 127.0.0.1 /lf/Admin/content/index.html
INFO: [ app_init ] --START--
INFO: Run Behavior\BuildLiteBehavior [ RunTime:0.000039s ]
INFO: [ app_init ] --END-- [ RunTime:0.001091s ]
INFO: [ app_begin ] --START--
INFO: Run Behavior\ReadHtmlCacheBehavior [ RunTime:0.001616s ]
INFO: [ app_begin ] --END-- [ RunTime:0.001804s ]

[ 2015-05-16T15:12:36+08:00 ] 127.0.0.1 /lf/Admin/content/index.html
INFO: [ app_init ] --START--
INFO: Run Behavior\BuildLiteBehavior [ RunTime:0.000021s ]
INFO: [ app_init ] --END-- [ RunTime:0.000475s ]
INFO: [ app_begin ] --START--
INFO: Run Behavior\ReadHtmlCacheBehavior [ RunTime:0.000990s ]
INFO: [ app_begin ] --END-- [ RunTime:0.001120s ]
SQL: SHOW COLUMNS FROM `cms_article` [ RunTime:0.003786s ]
SQL: SELECT * FROM `cms_article` INNER JOIN cms_article_category ON cms_artist.id = cms_article.Pid  WHERE ( `delete` = '0' ) ORDER BY update_time desc,sort asc LIMIT 0,10   [ RunTime:0.000213s ]
ERR: 1052:Column 'delete' in where clause is ambiguous
 [ SQL语句 ] : SELECT * FROM `cms_article` INNER JOIN cms_article_category ON cms_artist.id = cms_article.Pid  WHERE ( `delete` = '0' ) ORDER BY update_time desc,sort asc LIMIT 0,10  
INFO: [ view_parse ] --START--
INFO: [ template_filter ] --START--
INFO: Run Behavior\ContentReplaceBehavior [ RunTime:0.000085s ]
INFO: [ template_filter ] --END-- [ RunTime:0.000178s ]
NOTIC: [8] Use of undefined constant active - assumed 'active' D:\wamp\www\lf\Application\Runtime\Cache\Admin\ccc9ced3ad798311a07cb47b740981c5.php 第 50 行.
INFO: Run Behavior\ParseTemplateBehavior [ RunTime:0.012514s ]
INFO: [ view_parse ] --END-- [ RunTime:0.012631s ]
INFO: [ view_filter ] --START--
INFO: Run Behavior\WriteHtmlCacheBehavior [ RunTime:0.000762s ]
INFO: [ view_filter ] --END-- [ RunTime:0.000853s ]
INFO: [ app_end ] --START--
INFO: Run Behavior\ShowPageTraceBehavior [ RunTime:0.000897s ]
INFO: [ app_end ] --END-- [ RunTime:0.001000s ]

[ 2015-05-16T15:13:20+08:00 ] 127.0.0.1 /lf/Admin/content/index.html
INFO: [ app_init ] --START--
INFO: Run Behavior\BuildLiteBehavior [ RunTime:0.000021s ]
INFO: [ app_init ] --END-- [ RunTime:0.000465s ]
INFO: [ app_begin ] --START--
INFO: Run Behavior\ReadHtmlCacheBehavior [ RunTime:0.000857s ]
INFO: [ app_begin ] --END-- [ RunTime:0.000962s ]

[ 2015-05-16T15:13:25+08:00 ] 127.0.0.1 /lf/Admin/content/index.html
INFO: [ app_init ] --START--
INFO: Run Behavior\BuildLiteBehavior [ RunTime:0.000022s ]
INFO: [ app_init ] --END-- [ RunTime:0.000439s ]
INFO: [ app_begin ] --START--
INFO: Run Behavior\ReadHtmlCacheBehavior [ RunTime:0.000842s ]
INFO: [ app_begin ] --END-- [ RunTime:0.000955s ]
SQL: SHOW COLUMNS FROM `cms_article` [ RunTime:0.003450s ]
SQL: SELECT * FROM `cms_article` LEFT join cms_article_category ON cms_artist.id = cms_work.pid  WHERE ( `delete` = '0' ) ORDER BY update_time desc,sort asc LIMIT 0,10   [ RunTime:0.000164s ]
ERR: 1052:Column 'delete' in where clause is ambiguous
 [ SQL语句 ] : SELECT * FROM `cms_article` LEFT join cms_article_category ON cms_artist.id = cms_work.pid  WHERE ( `delete` = '0' ) ORDER BY update_time desc,sort asc LIMIT 0,10  
INFO: [ view_parse ] --START--
INFO: [ template_filter ] --START--
INFO: Run Behavior\ContentReplaceBehavior [ RunTime:0.000092s ]
INFO: [ template_filter ] --END-- [ RunTime:0.000219s ]
NOTIC: [8] Use of undefined constant active - assumed 'active' D:\wamp\www\lf\Application\Runtime\Cache\Admin\ccc9ced3ad798311a07cb47b740981c5.php 第 50 行.
INFO: Run Behavior\ParseTemplateBehavior [ RunTime:0.020111s ]
INFO: [ view_parse ] --END-- [ RunTime:0.020210s ]
INFO: [ view_filter ] --START--
INFO: Run Behavior\WriteHtmlCacheBehavior [ RunTime:0.000767s ]
INFO: [ view_filter ] --END-- [ RunTime:0.000853s ]
INFO: [ app_end ] --START--
INFO: Run Behavior\ShowPageTraceBehavior [ RunTime:0.000852s ]
INFO: [ app_end ] --END-- [ RunTime:0.000936s ]

[ 2015-05-16T15:13:41+08:00 ] 127.0.0.1 /lf/Admin/content/index.html
INFO: [ app_init ] --START--
INFO: Run Behavior\BuildLiteBehavior [ RunTime:0.000023s ]
INFO: [ app_init ] --END-- [ RunTime:0.000452s ]
INFO: [ app_begin ] --START--
INFO: Run Behavior\ReadHtmlCacheBehavior [ RunTime:0.000903s ]
INFO: [ app_begin ] --END-- [ RunTime:0.001019s ]
SQL: SHOW COLUMNS FROM `cms_article` [ RunTime:0.004001s ]
SQL: SELECT * FROM `cms_article` LEFT join cms_article_category ON cms_artist.id = cms_work.pid  WHERE ( `delete` = '0' ) ORDER BY update_time desc,sort asc LIMIT 0,10   [ RunTime:0.000275s ]
ERR: 1052:Column 'delete' in where clause is ambiguous
 [ SQL语句 ] : SELECT * FROM `cms_article` LEFT join cms_article_category ON cms_artist.id = cms_work.pid  WHERE ( `delete` = '0' ) ORDER BY update_time desc,sort asc LIMIT 0,10  
INFO: [ view_parse ] --START--
INFO: [ template_filter ] --START--
INFO: Run Behavior\ContentReplaceBehavior [ RunTime:0.000092s ]
INFO: [ template_filter ] --END-- [ RunTime:0.000193s ]
NOTIC: [8] Use of undefined constant active - assumed 'active' D:\wamp\www\lf\Application\Runtime\Cache\Admin\ccc9ced3ad798311a07cb47b740981c5.php 第 50 行.
INFO: Run Behavior\ParseTemplateBehavior [ RunTime:0.011995s ]
INFO: [ view_parse ] --END-- [ RunTime:0.012090s ]
INFO: [ view_filter ] --START--
INFO: Run Behavior\WriteHtmlCacheBehavior [ RunTime:0.000670s ]
INFO: [ view_filter ] --END-- [ RunTime:0.000751s ]
INFO: [ app_end ] --START--
INFO: Run Behavior\ShowPageTraceBehavior [ RunTime:0.000823s ]
INFO: [ app_end ] --END-- [ RunTime:0.000903s ]

[ 2015-05-16T15:14:06+08:00 ] 127.0.0.1 /lf/Admin/content/index.html
INFO: [ app_init ] --START--
INFO: Run Behavior\BuildLiteBehavior [ RunTime:0.000022s ]
INFO: [ app_init ] --END-- [ RunTime:0.000467s ]
INFO: [ app_begin ] --START--
INFO: Run Behavior\ReadHtmlCacheBehavior [ RunTime:0.000865s ]
INFO: [ app_begin ] --END-- [ RunTime:0.000981s ]
SQL: SHOW COLUMNS FROM `cms_article` [ RunTime:0.003399s ]
SQL: SELECT * FROM `cms_article` LEFT join cms_article_category ON cms_artist.id = cms_article.pid  WHERE ( `delete` = '0' ) ORDER BY update_time desc,sort asc LIMIT 0,10   [ RunTime:0.000193s ]
ERR: 1052:Column 'delete' in where clause is ambiguous
 [ SQL语句 ] : SELECT * FROM `cms_article` LEFT join cms_article_category ON cms_artist.id = cms_article.pid  WHERE ( `delete` = '0' ) ORDER BY update_time desc,sort asc LIMIT 0,10  
INFO: [ view_parse ] --START--
INFO: [ template_filter ] --START--
INFO: Run Behavior\ContentReplaceBehavior [ RunTime:0.000105s ]
INFO: [ template_filter ] --END-- [ RunTime:0.000208s ]
NOTIC: [8] Use of undefined constant active - assumed 'active' D:\wamp\www\lf\Application\Runtime\Cache\Admin\ccc9ced3ad798311a07cb47b740981c5.php 第 50 行.
INFO: Run Behavior\ParseTemplateBehavior [ RunTime:0.012448s ]
INFO: [ view_parse ] --END-- [ RunTime:0.012550s ]
INFO: [ view_filter ] --START--
INFO: Run Behavior\WriteHtmlCacheBehavior [ RunTime:0.000769s ]
INFO: [ view_filter ] --END-- [ RunTime:0.000860s ]
INFO: [ app_end ] --START--
INFO: Run Behavior\ShowPageTraceBehavior [ RunTime:0.000956s ]
INFO: [ app_end ] --END-- [ RunTime:0.001042s ]

[ 2015-05-16T15:14:46+08:00 ] 127.0.0.1 /lf/Admin/content/index.html
INFO: [ app_init ] --START--
INFO: Run Behavior\BuildLiteBehavior [ RunTime:0.000024s ]
INFO: [ app_init ] --END-- [ RunTime:0.000447s ]
INFO: [ app_begin ] --START--
INFO: Run Behavior\ReadHtmlCacheBehavior [ RunTime:0.000893s ]
INFO: [ app_begin ] --END-- [ RunTime:0.000994s ]
SQL: SHOW COLUMNS FROM `cms_article` [ RunTime:0.003437s ]
SQL: SELECT * FROM `cms_article` LEFT join cms_article_category ON cms_artist.id = cms_article.pid  WHERE ( `delete` = '0' ) ORDER BY update_time desc,sort asc LIMIT 0,10   [ RunTime:0.000189s ]
ERR: 1052:Column 'delete' in where clause is ambiguous
 [ SQL语句 ] : SELECT * FROM `cms_article` LEFT join cms_article_category ON cms_artist.id = cms_article.pid  WHERE ( `delete` = '0' ) ORDER BY update_time desc,sort asc LIMIT 0,10  
INFO: [ view_parse ] --START--
INFO: [ template_filter ] --START--
INFO: Run Behavior\ContentReplaceBehavior [ RunTime:0.000108s ]
INFO: [ template_filter ] --END-- [ RunTime:0.000208s ]
NOTIC: [8] Use of undefined constant active - assumed 'active' D:\wamp\www\lf\Application\Runtime\Cache\Admin\ccc9ced3ad798311a07cb47b740981c5.php 第 50 行.
INFO: Run Behavior\ParseTemplateBehavior [ RunTime:0.012295s ]
INFO: [ view_parse ] --END-- [ RunTime:0.012393s ]
INFO: [ view_filter ] --START--
INFO: Run Behavior\WriteHtmlCacheBehavior [ RunTime:0.000659s ]
INFO: [ view_filter ] --END-- [ RunTime:0.000741s ]
INFO: [ app_end ] --START--
INFO: Run Behavior\ShowPageTraceBehavior [ RunTime:0.000826s ]
INFO: [ app_end ] --END-- [ RunTime:0.000909s ]

