[ 2015-05-07T09:11:40+08:00 ] 127.0.0.1 /lf/Public/css/pintuer.css
ERR: 无法加载控制器:Public/css/pintuer.css

[ 2015-05-07T09:11:40+08:00 ] 127.0.0.1 /lf/Public/js/js/pintuer.js
ERR: 无法加载控制器:Public/js/js/pintuer.js

[ 2015-05-07T09:11:40+08:00 ] 127.0.0.1 /lf/Public/js/respond.js
ERR: 无法加载控制器:Public/js/respond.js

[ 2015-05-07T09:11:40+08:00 ] 127.0.0.1 /lf/Public/js/jquery.js
ERR: 无法加载控制器:Public/js/jquery.js

[ 2015-05-07T09:11:40+08:00 ] 127.0.0.1 /lf/Public/css/admin.css
ERR: 无法加载控制器:Public/css/admin.css

[ 2015-05-07T09:11:40+08:00 ] 127.0.0.1 /lf/Public/js/admin.js
ERR: 无法加载控制器:Public/js/admin.js

[ 2015-05-07T09:15:13+08:00 ] 127.0.0.1 /lf/Public/home/css/admin.css
ERR: 无法加载控制器:Public/home/css/admin.css

[ 2015-05-07T09:15:43+08:00 ] 127.0.0.1 /lf/Public/home/css/admin.css
ERR: 无法加载控制器:Public/home/css/admin.css

[ 2015-05-07T09:15:45+08:00 ] 127.0.0.1 /lf/Public/home/css/admin.css
ERR: 无法加载控制器:Public/home/css/admin.css

[ 2015-05-07T09:16:03+08:00 ] 127.0.0.1 /lf/Public/home/css/admin.css
ERR: 无法加载控制器:Public/home/css/admin.css

[ 2015-05-07T12:00:15+08:00 ] 127.0.0.1 /lf/Public/js/jquery-2.0.2.js
INFO: [ app_init ] --START--
INFO: Run Behavior\BuildLiteBehavior [ RunTime:0.000021s ]
INFO: [ app_init ] --END-- [ RunTime:0.000420s ]
INFO: [ app_begin ] --START--
INFO: Run Behavior\ReadHtmlCacheBehavior [ RunTime:0.000728s ]
INFO: [ app_begin ] --END-- [ RunTime:0.000839s ]
ERR: 无法加载控制器:Public/js/jquery

[ 2015-05-07T12:00:21+08:00 ] 127.0.0.1 /lf/Public/js/jquery-2.0.2.js
INFO: [ app_init ] --START--
INFO: Run Behavior\BuildLiteBehavior [ RunTime:0.000024s ]
INFO: [ app_init ] --END-- [ RunTime:0.000479s ]
INFO: [ app_begin ] --START--
INFO: Run Behavior\ReadHtmlCacheBehavior [ RunTime:0.000616s ]
INFO: [ app_begin ] --END-- [ RunTime:0.000727s ]
ERR: 无法加载控制器:Public/js/jquery

[ 2015-05-07T12:00:42+08:00 ] 127.0.0.1 /lf/Public/js/jquery-2.0.2.js
INFO: [ app_init ] --START--
INFO: Run Behavior\BuildLiteBehavior [ RunTime:0.000024s ]
INFO: [ app_init ] --END-- [ RunTime:0.000413s ]
INFO: [ app_begin ] --START--
INFO: Run Behavior\ReadHtmlCacheBehavior [ RunTime:0.000596s ]
INFO: [ app_begin ] --END-- [ RunTime:0.000734s ]
ERR: 无法加载控制器:Public/js/jquery

[ 2015-05-07T12:01:38+08:00 ] 127.0.0.1 /lf/Home/Ueditor/Index.html?action=config&&noCache=1430971298239
INFO: [ app_init ] --START--
INFO: Run Behavior\BuildLiteBehavior [ RunTime:0.000023s ]
INFO: [ app_init ] --END-- [ RunTime:0.000449s ]
INFO: [ app_begin ] --START--
INFO: Run Behavior\ReadHtmlCacheBehavior [ RunTime:0.000575s ]
INFO: [ app_begin ] --END-- [ RunTime:0.000675s ]
ERR: 无法加载控制器:Ueditor/Index

[ 2015-05-07T12:01:45+08:00 ] 127.0.0.1 /lf/Home/Ueditor/Index.html?action=config&&noCache=1430971305442
INFO: [ app_init ] --START--
INFO: Run Behavior\BuildLiteBehavior [ RunTime:0.000022s ]
INFO: [ app_init ] --END-- [ RunTime:0.000393s ]
INFO: [ app_begin ] --START--
INFO: Run Behavior\ReadHtmlCacheBehavior [ RunTime:0.000579s ]
INFO: [ app_begin ] --END-- [ RunTime:0.000678s ]
ERR: 无法加载控制器:Ueditor/Index

[ 2015-05-07T12:02:24+08:00 ] 127.0.0.1 /lf/Home/Ueditor/Index.html?action=config&&noCache=1430971344061
INFO: [ app_init ] --START--
INFO: Run Behavior\BuildLiteBehavior [ RunTime:0.000023s ]
INFO: [ app_init ] --END-- [ RunTime:0.000456s ]
INFO: [ app_begin ] --START--
INFO: Run Behavior\ReadHtmlCacheBehavior [ RunTime:0.000618s ]
INFO: [ app_begin ] --END-- [ RunTime:0.000730s ]
ERR: 无法加载控制器:Ueditor/Index

